[0.021s] Invoking command in '/home/deepak/arduinobot/build/arduinobot_controller': AMENT_PREFIX_PATH=/home/deepak/arduinobot/install/arduinobot_description:${AMENT_PREFIX_PATH} CMAKE_PREFIX_PATH=/home/deepak/arduinobot/install/arduinobot_description:/home/deepak/arduinorobot_ws/install/ign_ros2_control_demos:/home/deepak/arduinorobot_ws/install/arduinobot_bringup:/home/deepak/arduinorobot_ws/install/arduinobot_description:/home/deepak/arduinorobot_ws/install/ign_ros2_control:/home/deepak/arduinorobot_ws/install/gz_ros2_control_tests:/home/deepak/arduinorobot_ws/install/gz_ros2_control_demos:/home/deepak/arduinorobot_ws/install/gz_ros2_control:/home/deepak/arduinorobot_ws/install/arduinobot_utils:/home/deepak/arduinorobot_ws/install/arduinobot_remote:/home/deepak/arduinorobot_ws/install/arduinobot_msgs:/home/deepak/arduinorobot_ws/install/arduinobot_moveit:/home/deepak/arduinorobot_ws/install/arduinobot_firmware:/home/deepak/arduinorobot_ws/install/arduinobot_cpp_examples:/home/deepak/arduinorobot_ws/install/arduinobot_controller:/home/deepak/ros2_ws/install/my_robot_bringup:/home/deepak/ros2_ws/install/my_cpp_pkg:/home/deepak/ros2_ws/install/my_robot_interfaces:/opt/ros/humble /usr/bin/cmake /home/deepak/arduinobot/src/arduinobot/arduinobot_controller -DCMAKE_INSTALL_PREFIX=/home/deepak/arduinobot/install/arduinobot_controller
[0.120s] -- The C compiler identification is GNU 11.4.0
[0.209s] -- The CXX compiler identification is GNU 11.4.0
[0.221s] -- Detecting C compiler ABI info
[0.375s] -- Detecting C compiler ABI info - done
[0.389s] -- Check for working C compiler: /usr/bin/cc - skipped
[0.390s] -- Detecting C compile features
[0.391s] -- Detecting C compile features - done
[0.396s] -- Detecting CXX compiler ABI info
[0.544s] -- Detecting CXX compiler ABI info - done
[0.558s] -- Check for working CXX compiler: /usr/bin/c++ - skipped
[0.558s] -- Detecting CXX compile features
[0.559s] -- Detecting CXX compile features - done
[0.567s] -- Found ament_cmake: 1.3.12 (/opt/ros/humble/share/ament_cmake/cmake)
[0.887s] -- Found Python3: /usr/bin/python3 (found version "3.10.12") found components: Interpreter 
[1.099s] -- Found trajectory_msgs: 4.9.0 (/opt/ros/humble/share/trajectory_msgs/cmake)
[1.203s] -- Found rosidl_generator_c: 3.1.7 (/opt/ros/humble/share/rosidl_generator_c/cmake)
[1.222s] -- Found rosidl_adapter: 3.1.7 (/opt/ros/humble/share/rosidl_adapter/cmake)
[1.247s] -- Found rosidl_generator_cpp: 3.1.7 (/opt/ros/humble/share/rosidl_generator_cpp/cmake)
[1.282s] -- Using all available rosidl_typesupport_c: rosidl_typesupport_fastrtps_c;rosidl_typesupport_introspection_c
[1.334s] -- Using all available rosidl_typesupport_cpp: rosidl_typesupport_fastrtps_cpp;rosidl_typesupport_introspection_cpp
[1.517s] -- Found sensor_msgs: 4.9.0 (/opt/ros/humble/share/sensor_msgs/cmake)
[1.567s] -- Found rclcpp: 16.0.15 (/opt/ros/humble/share/rclcpp/cmake)
[1.685s] -- Found rmw_implementation_cmake: 6.1.2 (/opt/ros/humble/share/rmw_implementation_cmake/cmake)
[1.694s] -- Found rmw_cyclonedds_cpp: 1.3.4 (/opt/ros/humble/share/rmw_cyclonedds_cpp/cmake)
[1.748s] -- Using RMW implementation 'rmw_cyclonedds_cpp' as default
[1.769s] -- Looking for pthread.h
[1.891s] -- Looking for pthread.h - found
[1.891s] -- Performing Test CMAKE_HAVE_LIBC_PTHREAD
[2.083s] -- Performing Test CMAKE_HAVE_LIBC_PTHREAD - Success
[2.088s] -- Found Threads: TRUE  
[2.214s] -- Found rclpy: 3.3.17 (/opt/ros/humble/share/rclpy/cmake)
[2.226s] -- Found hardware_interface: 2.52.0 (/opt/ros/humble/share/hardware_interface/cmake)
[2.571s] -- Found PkgConfig: /usr/bin/pkg-config (found version "0.29.2") 
[2.572s] -- Checking for module 'libserial'
[2.597s] --   Found libserial, version 1.0.0
[2.974s] -- Configuring done
[3.006s] -- Generating done
[3.017s] -- Build files have been written to: /home/deepak/arduinobot/build/arduinobot_controller
[3.035s] Invoked command in '/home/deepak/arduinobot/build/arduinobot_controller' returned '0': AMENT_PREFIX_PATH=/home/deepak/arduinobot/install/arduinobot_description:${AMENT_PREFIX_PATH} CMAKE_PREFIX_PATH=/home/deepak/arduinobot/install/arduinobot_description:/home/deepak/arduinorobot_ws/install/ign_ros2_control_demos:/home/deepak/arduinorobot_ws/install/arduinobot_bringup:/home/deepak/arduinorobot_ws/install/arduinobot_description:/home/deepak/arduinorobot_ws/install/ign_ros2_control:/home/deepak/arduinorobot_ws/install/gz_ros2_control_tests:/home/deepak/arduinorobot_ws/install/gz_ros2_control_demos:/home/deepak/arduinorobot_ws/install/gz_ros2_control:/home/deepak/arduinorobot_ws/install/arduinobot_utils:/home/deepak/arduinorobot_ws/install/arduinobot_remote:/home/deepak/arduinorobot_ws/install/arduinobot_msgs:/home/deepak/arduinorobot_ws/install/arduinobot_moveit:/home/deepak/arduinorobot_ws/install/arduinobot_firmware:/home/deepak/arduinorobot_ws/install/arduinobot_cpp_examples:/home/deepak/arduinorobot_ws/install/arduinobot_controller:/home/deepak/ros2_ws/install/my_robot_bringup:/home/deepak/ros2_ws/install/my_cpp_pkg:/home/deepak/ros2_ws/install/my_robot_interfaces:/opt/ros/humble /usr/bin/cmake /home/deepak/arduinobot/src/arduinobot/arduinobot_controller -DCMAKE_INSTALL_PREFIX=/home/deepak/arduinobot/install/arduinobot_controller
[3.038s] Invoking command in '/home/deepak/arduinobot/build/arduinobot_controller': AMENT_PREFIX_PATH=/home/deepak/arduinobot/install/arduinobot_description:${AMENT_PREFIX_PATH} CMAKE_PREFIX_PATH=/home/deepak/arduinobot/install/arduinobot_description:/home/deepak/arduinorobot_ws/install/ign_ros2_control_demos:/home/deepak/arduinorobot_ws/install/arduinobot_bringup:/home/deepak/arduinorobot_ws/install/arduinobot_description:/home/deepak/arduinorobot_ws/install/ign_ros2_control:/home/deepak/arduinorobot_ws/install/gz_ros2_control_tests:/home/deepak/arduinorobot_ws/install/gz_ros2_control_demos:/home/deepak/arduinorobot_ws/install/gz_ros2_control:/home/deepak/arduinorobot_ws/install/arduinobot_utils:/home/deepak/arduinorobot_ws/install/arduinobot_remote:/home/deepak/arduinorobot_ws/install/arduinobot_msgs:/home/deepak/arduinorobot_ws/install/arduinobot_moveit:/home/deepak/arduinorobot_ws/install/arduinobot_firmware:/home/deepak/arduinorobot_ws/install/arduinobot_cpp_examples:/home/deepak/arduinorobot_ws/install/arduinobot_controller:/home/deepak/ros2_ws/install/my_robot_bringup:/home/deepak/ros2_ws/install/my_cpp_pkg:/home/deepak/ros2_ws/install/my_robot_interfaces:/opt/ros/humble /usr/bin/cmake --build /home/deepak/arduinobot/build/arduinobot_controller -- -j8 -l8
[3.154s] [ 25%] [32mBuilding CXX object CMakeFiles/slider_control.dir/src/slider_control.cpp.o[0m
[3.155s] [ 50%] [32mBuilding CXX object CMakeFiles/arduinobot_controller.dir/src/arduinobot_interface.cpp.o[0m
[3.183s] [ 50%] Built target ament_cmake_python_copy_arduinobot_controller
[3.734s] running egg_info
[3.736s] creating arduinobot_controller.egg-info
[3.736s] writing arduinobot_controller.egg-info/PKG-INFO
[3.737s] writing dependency_links to arduinobot_controller.egg-info/dependency_links.txt
[3.737s] writing top-level names to arduinobot_controller.egg-info/top_level.txt
[3.737s] writing manifest file 'arduinobot_controller.egg-info/SOURCES.txt'
[3.744s] reading manifest file 'arduinobot_controller.egg-info/SOURCES.txt'
[3.745s] writing manifest file 'arduinobot_controller.egg-info/SOURCES.txt'
[3.806s] [ 50%] Built target ament_cmake_python_build_arduinobot_controller_egg
[12.847s] [ 75%] [32m[1mLinking CXX shared library libarduinobot_controller.so[0m
[13.411s] [ 75%] Built target arduinobot_controller
[25.468s] [100%] [32m[1mLinking CXX executable slider_control[0m
[27.673s] [100%] Built target slider_control
[27.749s] Invoked command in '/home/deepak/arduinobot/build/arduinobot_controller' returned '0': AMENT_PREFIX_PATH=/home/deepak/arduinobot/install/arduinobot_description:${AMENT_PREFIX_PATH} CMAKE_PREFIX_PATH=/home/deepak/arduinobot/install/arduinobot_description:/home/deepak/arduinorobot_ws/install/ign_ros2_control_demos:/home/deepak/arduinorobot_ws/install/arduinobot_bringup:/home/deepak/arduinorobot_ws/install/arduinobot_description:/home/deepak/arduinorobot_ws/install/ign_ros2_control:/home/deepak/arduinorobot_ws/install/gz_ros2_control_tests:/home/deepak/arduinorobot_ws/install/gz_ros2_control_demos:/home/deepak/arduinorobot_ws/install/gz_ros2_control:/home/deepak/arduinorobot_ws/install/arduinobot_utils:/home/deepak/arduinorobot_ws/install/arduinobot_remote:/home/deepak/arduinorobot_ws/install/arduinobot_msgs:/home/deepak/arduinorobot_ws/install/arduinobot_moveit:/home/deepak/arduinorobot_ws/install/arduinobot_firmware:/home/deepak/arduinorobot_ws/install/arduinobot_cpp_examples:/home/deepak/arduinorobot_ws/install/arduinobot_controller:/home/deepak/ros2_ws/install/my_robot_bringup:/home/deepak/ros2_ws/install/my_cpp_pkg:/home/deepak/ros2_ws/install/my_robot_interfaces:/opt/ros/humble /usr/bin/cmake --build /home/deepak/arduinobot/build/arduinobot_controller -- -j8 -l8
[27.753s] Invoking command in '/home/deepak/arduinobot/build/arduinobot_controller': AMENT_PREFIX_PATH=/home/deepak/arduinobot/install/arduinobot_description:${AMENT_PREFIX_PATH} CMAKE_PREFIX_PATH=/home/deepak/arduinobot/install/arduinobot_description:/home/deepak/arduinorobot_ws/install/ign_ros2_control_demos:/home/deepak/arduinorobot_ws/install/arduinobot_bringup:/home/deepak/arduinorobot_ws/install/arduinobot_description:/home/deepak/arduinorobot_ws/install/ign_ros2_control:/home/deepak/arduinorobot_ws/install/gz_ros2_control_tests:/home/deepak/arduinorobot_ws/install/gz_ros2_control_demos:/home/deepak/arduinorobot_ws/install/gz_ros2_control:/home/deepak/arduinorobot_ws/install/arduinobot_utils:/home/deepak/arduinorobot_ws/install/arduinobot_remote:/home/deepak/arduinorobot_ws/install/arduinobot_msgs:/home/deepak/arduinorobot_ws/install/arduinobot_moveit:/home/deepak/arduinorobot_ws/install/arduinobot_firmware:/home/deepak/arduinorobot_ws/install/arduinobot_cpp_examples:/home/deepak/arduinorobot_ws/install/arduinobot_controller:/home/deepak/ros2_ws/install/my_robot_bringup:/home/deepak/ros2_ws/install/my_cpp_pkg:/home/deepak/ros2_ws/install/my_robot_interfaces:/opt/ros/humble /usr/bin/cmake --install /home/deepak/arduinobot/build/arduinobot_controller
[27.789s] -- Install configuration: ""
[27.792s] -- Installing: /home/deepak/arduinobot/install/arduinobot_controller/share/arduinobot_controller/arduinobot_controller.xml
[27.792s] -- Installing: /home/deepak/arduinobot/install/arduinobot_controller/share/arduinobot_controller/environment/pythonpath.sh
[27.797s] -- Installing: /home/deepak/arduinobot/install/arduinobot_controller/share/arduinobot_controller/environment/pythonpath.dsv
[27.797s] -- Installing: /home/deepak/arduinobot/install/arduinobot_controller/local/lib/python3.10/dist-packages/arduinobot_controller-0.0.0-py3.10.egg-info
[27.798s] -- Installing: /home/deepak/arduinobot/install/arduinobot_controller/local/lib/python3.10/dist-packages/arduinobot_controller-0.0.0-py3.10.egg-info/PKG-INFO
[27.798s] -- Installing: /home/deepak/arduinobot/install/arduinobot_controller/local/lib/python3.10/dist-packages/arduinobot_controller-0.0.0-py3.10.egg-info/dependency_links.txt
[27.799s] -- Installing: /home/deepak/arduinobot/install/arduinobot_controller/local/lib/python3.10/dist-packages/arduinobot_controller-0.0.0-py3.10.egg-info/SOURCES.txt
[27.799s] -- Installing: /home/deepak/arduinobot/install/arduinobot_controller/local/lib/python3.10/dist-packages/arduinobot_controller-0.0.0-py3.10.egg-info/top_level.txt
[27.800s] -- Installing: /home/deepak/arduinobot/install/arduinobot_controller/local/lib/python3.10/dist-packages/arduinobot_controller
[27.803s] -- Installing: /home/deepak/arduinobot/install/arduinobot_controller/local/lib/python3.10/dist-packages/arduinobot_controller/slider_control.py
[27.803s] -- Installing: /home/deepak/arduinobot/install/arduinobot_controller/local/lib/python3.10/dist-packages/arduinobot_controller/__init__.py
[28.007s] Listing '/home/deepak/arduinobot/install/arduinobot_controller/local/lib/python3.10/dist-packages/arduinobot_controller'...
[28.007s] Compiling '/home/deepak/arduinobot/install/arduinobot_controller/local/lib/python3.10/dist-packages/arduinobot_controller/__init__.py'...
[28.007s] Compiling '/home/deepak/arduinobot/install/arduinobot_controller/local/lib/python3.10/dist-packages/arduinobot_controller/slider_control.py'...
[28.018s] -- Installing: /home/deepak/arduinobot/install/arduinobot_controller/lib/arduinobot_controller/slider_control
[28.034s] -- Set runtime path of "/home/deepak/arduinobot/install/arduinobot_controller/lib/arduinobot_controller/slider_control" to ""
[28.035s] -- Installing: /home/deepak/arduinobot/install/arduinobot_controller/lib/libarduinobot_controller.so
[28.037s] -- Set runtime path of "/home/deepak/arduinobot/install/arduinobot_controller/lib/libarduinobot_controller.so" to ""
[28.038s] -- Installing: /home/deepak/arduinobot/install/arduinobot_controller/include/include
[28.039s] -- Installing: /home/deepak/arduinobot/install/arduinobot_controller/include/include/arduinobot_controller
[28.040s] -- Installing: /home/deepak/arduinobot/install/arduinobot_controller/include/include/arduinobot_controller/arduinobot_interface.hpp
[28.041s] -- Installing: /home/deepak/arduinobot/install/arduinobot_controller/share/arduinobot_controller/launch
[28.042s] -- Installing: /home/deepak/arduinobot/install/arduinobot_controller/share/arduinobot_controller/launch/slider_controller.launch.py
[28.042s] -- Installing: /home/deepak/arduinobot/install/arduinobot_controller/share/arduinobot_controller/launch/controller.launch.py
[28.044s] -- Installing: /home/deepak/arduinobot/install/arduinobot_controller/share/arduinobot_controller/config
[28.044s] -- Installing: /home/deepak/arduinobot/install/arduinobot_controller/share/arduinobot_controller/config/arduinobot_controllers.yaml
[28.045s] -- Installing: /home/deepak/arduinobot/install/arduinobot_controller/lib/arduinobot_controller/slider_control.py
[28.045s] -- Installing: /home/deepak/arduinobot/install/arduinobot_controller/share/arduinobot_controller/environment/library_path.sh
[28.046s] -- Installing: /home/deepak/arduinobot/install/arduinobot_controller/share/arduinobot_controller/environment/library_path.dsv
[28.048s] -- Installing: /home/deepak/arduinobot/install/arduinobot_controller/share/ament_index/resource_index/package_run_dependencies/arduinobot_controller
[28.049s] -- Installing: /home/deepak/arduinobot/install/arduinobot_controller/share/ament_index/resource_index/parent_prefix_path/arduinobot_controller
[28.052s] -- Installing: /home/deepak/arduinobot/install/arduinobot_controller/share/arduinobot_controller/environment/ament_prefix_path.sh
[28.055s] -- Installing: /home/deepak/arduinobot/install/arduinobot_controller/share/arduinobot_controller/environment/ament_prefix_path.dsv
[28.055s] -- Installing: /home/deepak/arduinobot/install/arduinobot_controller/share/arduinobot_controller/environment/path.sh
[28.058s] -- Installing: /home/deepak/arduinobot/install/arduinobot_controller/share/arduinobot_controller/environment/path.dsv
[28.058s] -- Installing: /home/deepak/arduinobot/install/arduinobot_controller/share/arduinobot_controller/local_setup.bash
[28.060s] -- Installing: /home/deepak/arduinobot/install/arduinobot_controller/share/arduinobot_controller/local_setup.sh
[28.062s] -- Installing: /home/deepak/arduinobot/install/arduinobot_controller/share/arduinobot_controller/local_setup.zsh
[28.066s] -- Installing: /home/deepak/arduinobot/install/arduinobot_controller/share/arduinobot_controller/local_setup.dsv
[28.066s] -- Installing: /home/deepak/arduinobot/install/arduinobot_controller/share/arduinobot_controller/package.dsv
[28.069s] -- Installing: /home/deepak/arduinobot/install/arduinobot_controller/share/ament_index/resource_index/packages/arduinobot_controller
[28.070s] -- Installing: /home/deepak/arduinobot/install/arduinobot_controller/share/ament_index/resource_index/hardware_interface__pluginlib__plugin/arduinobot_controller
[28.073s] -- Installing: /home/deepak/arduinobot/install/arduinobot_controller/share/arduinobot_controller/cmake/ament_cmake_export_include_directories-extras.cmake
[28.075s] -- Installing: /home/deepak/arduinobot/install/arduinobot_controller/share/arduinobot_controller/cmake/ament_cmake_export_libraries-extras.cmake
[28.076s] -- Installing: /home/deepak/arduinobot/install/arduinobot_controller/share/arduinobot_controller/cmake/ament_cmake_export_dependencies-extras.cmake
[28.079s] -- Installing: /home/deepak/arduinobot/install/arduinobot_controller/share/arduinobot_controller/cmake/arduinobot_controllerConfig.cmake
[28.079s] -- Installing: /home/deepak/arduinobot/install/arduinobot_controller/share/arduinobot_controller/cmake/arduinobot_controllerConfig-version.cmake
[28.084s] -- Installing: /home/deepak/arduinobot/install/arduinobot_controller/share/arduinobot_controller/package.xml
[28.096s] Invoked command in '/home/deepak/arduinobot/build/arduinobot_controller' returned '0': AMENT_PREFIX_PATH=/home/deepak/arduinobot/install/arduinobot_description:${AMENT_PREFIX_PATH} CMAKE_PREFIX_PATH=/home/deepak/arduinobot/install/arduinobot_description:/home/deepak/arduinorobot_ws/install/ign_ros2_control_demos:/home/deepak/arduinorobot_ws/install/arduinobot_bringup:/home/deepak/arduinorobot_ws/install/arduinobot_description:/home/deepak/arduinorobot_ws/install/ign_ros2_control:/home/deepak/arduinorobot_ws/install/gz_ros2_control_tests:/home/deepak/arduinorobot_ws/install/gz_ros2_control_demos:/home/deepak/arduinorobot_ws/install/gz_ros2_control:/home/deepak/arduinorobot_ws/install/arduinobot_utils:/home/deepak/arduinorobot_ws/install/arduinobot_remote:/home/deepak/arduinorobot_ws/install/arduinobot_msgs:/home/deepak/arduinorobot_ws/install/arduinobot_moveit:/home/deepak/arduinorobot_ws/install/arduinobot_firmware:/home/deepak/arduinorobot_ws/install/arduinobot_cpp_examples:/home/deepak/arduinorobot_ws/install/arduinobot_controller:/home/deepak/ros2_ws/install/my_robot_bringup:/home/deepak/ros2_ws/install/my_cpp_pkg:/home/deepak/ros2_ws/install/my_robot_interfaces:/opt/ros/humble /usr/bin/cmake --install /home/deepak/arduinobot/build/arduinobot_controller
