[0.046s] Invoking command in '/home/deepak/arduinobot/build/arduinobot_cpp_examples': AMENT_PREFIX_PATH=/home/deepak/arduinobot/install/arduinobot_msgs:${AMENT_PREFIX_PATH} CMAKE_PREFIX_PATH=/home/deepak/arduinobot/install/arduinobot_msgs:/home/deepak/arduinorobot_ws/install/ign_ros2_control_demos:/home/deepak/arduinorobot_ws/install/arduinobot_bringup:/home/deepak/arduinorobot_ws/install/arduinobot_description:/home/deepak/arduinorobot_ws/install/ign_ros2_control:/home/deepak/arduinorobot_ws/install/gz_ros2_control_tests:/home/deepak/arduinorobot_ws/install/gz_ros2_control_demos:/home/deepak/arduinorobot_ws/install/gz_ros2_control:/home/deepak/arduinorobot_ws/install/arduinobot_utils:/home/deepak/arduinorobot_ws/install/arduinobot_remote:/home/deepak/arduinorobot_ws/install/arduinobot_msgs:/home/deepak/arduinorobot_ws/install/arduinobot_moveit:/home/deepak/arduinorobot_ws/install/arduinobot_firmware:/home/deepak/arduinorobot_ws/install/arduinobot_cpp_examples:/home/deepak/arduinorobot_ws/install/arduinobot_controller:/home/deepak/ros2_ws/install/my_robot_bringup:/home/deepak/ros2_ws/install/my_cpp_pkg:/home/deepak/ros2_ws/install/my_robot_interfaces:/opt/ros/humble LD_LIBRARY_PATH=/home/deepak/arduinobot/install/arduinobot_msgs/lib:${LD_LIBRARY_PATH} PYTHONPATH=/home/deepak/arduinobot/install/arduinobot_msgs/local/lib/python3.10/dist-packages:${PYTHONPATH} /usr/bin/cmake /home/deepak/arduinobot/src/arduinobot/arduinobot_cpp_examples -DCMAKE_INSTALL_PREFIX=/home/deepak/arduinobot/install/arduinobot_cpp_examples
[0.693s] -- The C compiler identification is GNU 11.4.0
[0.693s] -- The CXX compiler identification is GNU 11.4.0
[0.693s] -- Detecting C compiler ABI info
[0.693s] -- Detecting C compiler ABI info - done
[0.693s] -- Check for working C compiler: /usr/bin/cc - skipped
[0.694s] -- Detecting C compile features
[0.694s] -- Detecting C compile features - done
[0.694s] -- Detecting CXX compiler ABI info
[0.694s] -- Detecting CXX compiler ABI info - done
[0.694s] -- Check for working CXX compiler: /usr/bin/c++ - skipped
[0.695s] -- Detecting CXX compile features
[0.695s] -- Detecting CXX compile features - done
[0.695s] -- Found ament_cmake: 1.3.12 (/opt/ros/humble/share/ament_cmake/cmake)
[1.026s] -- Found Python3: /usr/bin/python3 (found version "3.10.12") found components: Interpreter 
[1.314s] -- Found rclcpp: 16.0.15 (/opt/ros/humble/share/rclcpp/cmake)
[1.455s] -- Found rosidl_generator_c: 3.1.7 (/opt/ros/humble/share/rosidl_generator_c/cmake)
[1.472s] -- Found rosidl_adapter: 3.1.7 (/opt/ros/humble/share/rosidl_adapter/cmake)
[1.496s] -- Found rosidl_generator_cpp: 3.1.7 (/opt/ros/humble/share/rosidl_generator_cpp/cmake)
[1.528s] -- Using all available rosidl_typesupport_c: rosidl_typesupport_fastrtps_c;rosidl_typesupport_introspection_c
[1.578s] -- Using all available rosidl_typesupport_cpp: rosidl_typesupport_fastrtps_cpp;rosidl_typesupport_introspection_cpp
[1.755s] -- Found rmw_implementation_cmake: 6.1.2 (/opt/ros/humble/share/rmw_implementation_cmake/cmake)
[1.769s] -- Found rmw_cyclonedds_cpp: 1.3.4 (/opt/ros/humble/share/rmw_cyclonedds_cpp/cmake)
[1.849s] -- Using RMW implementation 'rmw_cyclonedds_cpp' as default
[1.885s] -- Looking for pthread.h
[2.038s] -- Looking for pthread.h - found
[2.039s] -- Performing Test CMAKE_HAVE_LIBC_PTHREAD
[2.156s] -- Performing Test CMAKE_HAVE_LIBC_PTHREAD - Success
[2.157s] -- Found Threads: TRUE  
[2.253s] -- Found arduinobot_msgs: 0.0.0 (/home/deepak/arduinobot/install/arduinobot_msgs/share/arduinobot_msgs/cmake)
[2.329s] -- Found rclcpp_action: 16.0.15 (/opt/ros/humble/share/rclcpp_action/cmake)
[2.361s] -- Found rclcpp_components: 16.0.15 (/opt/ros/humble/share/rclcpp_components/cmake)
[2.458s] -- Found moveit_ros_planning_interface: 2.5.9 (/opt/ros/humble/share/moveit_ros_planning_interface/cmake)
[2.558s] -- Found Boost: /usr/lib/x86_64-linux-gnu/cmake/Boost-1.74.0/BoostConfig.cmake (found version "1.74.0") found components: date_time filesystem program_options system thread 
[2.915s] -- Found Boost: /usr/lib/x86_64-linux-gnu/cmake/Boost-1.74.0/BoostConfig.cmake (found version "1.74.0") found components: chrono date_time filesystem iostreams program_options regex serialization system thread 
[3.087s] -- Found parameter_traits: 0.5.0 (/opt/ros/humble/share/parameter_traits/cmake)
[3.124s] -- Found rclcpp_lifecycle: 16.0.15 (/opt/ros/humble/share/rclcpp_lifecycle/cmake)
[3.175s] -- Found Boost: /usr/lib/x86_64-linux-gnu/cmake/Boost-1.74.0/BoostConfig.cmake (found version "1.74.0") found components: filesystem 
[3.398s] -- library: /usr/lib/x86_64-linux-gnu/libcurl.so
[3.562s] -- Found Eigen3: TRUE (found version "3.4.0") 
[3.563s] -- Ensuring Eigen3 include directory is part of orocos-kdl CMake target
[3.970s] -- Found Boost: /usr/lib/x86_64-linux-gnu/cmake/Boost-1.74.0/BoostConfig.cmake (found version "1.74.0") found components: system filesystem date_time program_options thread chrono 
[4.041s] -- Found Boost: /usr/lib/x86_64-linux-gnu/cmake/Boost-1.74.0/BoostConfig.cmake (found version "1.74.0") found components: thread system filesystem regex date_time program_options 
[4.214s] -- Found Boost: /usr/lib/x86_64-linux-gnu/cmake/Boost-1.74.0/BoostConfig.cmake (found version "1.74.0") found components: system filesystem date_time program_options thread 
[4.401s] -- Configuring done
[4.541s] -- Generating done
[4.571s] -- Build files have been written to: /home/deepak/arduinobot/build/arduinobot_cpp_examples
[4.600s] Invoked command in '/home/deepak/arduinobot/build/arduinobot_cpp_examples' returned '0': AMENT_PREFIX_PATH=/home/deepak/arduinobot/install/arduinobot_msgs:${AMENT_PREFIX_PATH} CMAKE_PREFIX_PATH=/home/deepak/arduinobot/install/arduinobot_msgs:/home/deepak/arduinorobot_ws/install/ign_ros2_control_demos:/home/deepak/arduinorobot_ws/install/arduinobot_bringup:/home/deepak/arduinorobot_ws/install/arduinobot_description:/home/deepak/arduinorobot_ws/install/ign_ros2_control:/home/deepak/arduinorobot_ws/install/gz_ros2_control_tests:/home/deepak/arduinorobot_ws/install/gz_ros2_control_demos:/home/deepak/arduinorobot_ws/install/gz_ros2_control:/home/deepak/arduinorobot_ws/install/arduinobot_utils:/home/deepak/arduinorobot_ws/install/arduinobot_remote:/home/deepak/arduinorobot_ws/install/arduinobot_msgs:/home/deepak/arduinorobot_ws/install/arduinobot_moveit:/home/deepak/arduinorobot_ws/install/arduinobot_firmware:/home/deepak/arduinorobot_ws/install/arduinobot_cpp_examples:/home/deepak/arduinorobot_ws/install/arduinobot_controller:/home/deepak/ros2_ws/install/my_robot_bringup:/home/deepak/ros2_ws/install/my_cpp_pkg:/home/deepak/ros2_ws/install/my_robot_interfaces:/opt/ros/humble LD_LIBRARY_PATH=/home/deepak/arduinobot/install/arduinobot_msgs/lib:${LD_LIBRARY_PATH} PYTHONPATH=/home/deepak/arduinobot/install/arduinobot_msgs/local/lib/python3.10/dist-packages:${PYTHONPATH} /usr/bin/cmake /home/deepak/arduinobot/src/arduinobot/arduinobot_cpp_examples -DCMAKE_INSTALL_PREFIX=/home/deepak/arduinobot/install/arduinobot_cpp_examples
[4.603s] Invoking command in '/home/deepak/arduinobot/build/arduinobot_cpp_examples': AMENT_PREFIX_PATH=/home/deepak/arduinobot/install/arduinobot_msgs:${AMENT_PREFIX_PATH} CMAKE_PREFIX_PATH=/home/deepak/arduinobot/install/arduinobot_msgs:/home/deepak/arduinorobot_ws/install/ign_ros2_control_demos:/home/deepak/arduinorobot_ws/install/arduinobot_bringup:/home/deepak/arduinorobot_ws/install/arduinobot_description:/home/deepak/arduinorobot_ws/install/ign_ros2_control:/home/deepak/arduinorobot_ws/install/gz_ros2_control_tests:/home/deepak/arduinorobot_ws/install/gz_ros2_control_demos:/home/deepak/arduinorobot_ws/install/gz_ros2_control:/home/deepak/arduinorobot_ws/install/arduinobot_utils:/home/deepak/arduinorobot_ws/install/arduinobot_remote:/home/deepak/arduinorobot_ws/install/arduinobot_msgs:/home/deepak/arduinorobot_ws/install/arduinobot_moveit:/home/deepak/arduinorobot_ws/install/arduinobot_firmware:/home/deepak/arduinorobot_ws/install/arduinobot_cpp_examples:/home/deepak/arduinorobot_ws/install/arduinobot_controller:/home/deepak/ros2_ws/install/my_robot_bringup:/home/deepak/ros2_ws/install/my_cpp_pkg:/home/deepak/ros2_ws/install/my_robot_interfaces:/opt/ros/humble LD_LIBRARY_PATH=/home/deepak/arduinobot/install/arduinobot_msgs/lib:${LD_LIBRARY_PATH} PYTHONPATH=/home/deepak/arduinobot/install/arduinobot_msgs/local/lib/python3.10/dist-packages:${PYTHONPATH} /usr/bin/cmake --build /home/deepak/arduinobot/build/arduinobot_cpp_examples -- -j8 -l8
[4.715s] [  4%] [32mBuilding CXX object CMakeFiles/simple_parameter.dir/src/simple_parameter.cpp.o[0m
[4.716s] [  9%] [32mBuilding CXX object CMakeFiles/simple_service_server.dir/src/simple_service_server.cpp.o[0m
[4.719s] [ 13%] [32mBuilding CXX object CMakeFiles/simple_publisher.dir/src/simple_publisher.cpp.o[0m
[4.733s] [ 18%] [32mBuilding CXX object CMakeFiles/simple_action_client.dir/src/simple_action_client.cpp.o[0m
[4.742s] [ 22%] [32mBuilding CXX object CMakeFiles/simple_action_server.dir/src/simple_action_server.cpp.o[0m
[4.753s] [ 27%] [32mBuilding CXX object CMakeFiles/simple_subscriber.dir/src/simple_subscriber.cpp.o[0m
[4.757s] [ 31%] [32mBuilding CXX object CMakeFiles/simple_service_client.dir/src/simple_service_client.cpp.o[0m
[4.786s] [ 36%] [32mBuilding CXX object CMakeFiles/simple_action_server_node.dir/rclcpp_components/node_main_simple_action_server_node.cpp.o[0m
[13.702s] [ 40%] [32m[1mLinking CXX executable simple_parameter[0m
[14.022s] [ 40%] Built target simple_parameter
[14.068s] [ 45%] [32mBuilding CXX object CMakeFiles/simple_action_client_node.dir/rclcpp_components/node_main_simple_action_client_node.cpp.o[0m
[16.086s] [ 50%] [32m[1mLinking CXX executable simple_action_server_node[0m
[16.699s] [ 50%] Built target simple_action_server_node
[16.808s] [ 54%] [32mBuilding CXX object CMakeFiles/simple_moveit_interface.dir/src/simple_moveit_interface.cpp.o[0m
[17.417s] [ 59%] [32m[1mLinking CXX executable simple_service_server[0m
[18.017s] [ 59%] Built target simple_service_server
[18.124s] [ 63%] [32mBuilding CXX object CMakeFiles/simple_lifecycle_node.dir/src/simple_lifecycle_node.cpp.o[0m
[18.285s] [ 68%] [32m[1mLinking CXX executable simple_service_client[0m
[18.883s] [ 68%] Built target simple_service_client
[18.994s] [ 72%] [32m[1mLinking CXX shared library libsimple_action_server.so[0m
[19.387s] [ 77%] [32m[1mLinking CXX executable simple_publisher[0m
[19.608s] [ 77%] Built target simple_action_server
[19.962s] [ 77%] Built target simple_publisher
[20.820s] [ 81%] [32m[1mLinking CXX shared library libsimple_action_client.so[0m
[21.489s] [ 81%] Built target simple_action_client
[22.396s] [ 86%] [32m[1mLinking CXX executable simple_action_client_node[0m
[22.729s] [ 86%] Built target simple_action_client_node
[26.176s] [ 90%] [32m[1mLinking CXX executable simple_subscriber[0m
[26.928s] [ 90%] Built target simple_subscriber
[30.442s] [ 95%] [32m[1mLinking CXX executable simple_moveit_interface[0m
[30.938s] [ 95%] Built target simple_moveit_interface
[31.297s] [100%] [32m[1mLinking CXX executable simple_lifecycle_node[0m
[31.888s] [100%] Built target simple_lifecycle_node
[31.911s] Invoked command in '/home/deepak/arduinobot/build/arduinobot_cpp_examples' returned '0': AMENT_PREFIX_PATH=/home/deepak/arduinobot/install/arduinobot_msgs:${AMENT_PREFIX_PATH} CMAKE_PREFIX_PATH=/home/deepak/arduinobot/install/arduinobot_msgs:/home/deepak/arduinorobot_ws/install/ign_ros2_control_demos:/home/deepak/arduinorobot_ws/install/arduinobot_bringup:/home/deepak/arduinorobot_ws/install/arduinobot_description:/home/deepak/arduinorobot_ws/install/ign_ros2_control:/home/deepak/arduinorobot_ws/install/gz_ros2_control_tests:/home/deepak/arduinorobot_ws/install/gz_ros2_control_demos:/home/deepak/arduinorobot_ws/install/gz_ros2_control:/home/deepak/arduinorobot_ws/install/arduinobot_utils:/home/deepak/arduinorobot_ws/install/arduinobot_remote:/home/deepak/arduinorobot_ws/install/arduinobot_msgs:/home/deepak/arduinorobot_ws/install/arduinobot_moveit:/home/deepak/arduinorobot_ws/install/arduinobot_firmware:/home/deepak/arduinorobot_ws/install/arduinobot_cpp_examples:/home/deepak/arduinorobot_ws/install/arduinobot_controller:/home/deepak/ros2_ws/install/my_robot_bringup:/home/deepak/ros2_ws/install/my_cpp_pkg:/home/deepak/ros2_ws/install/my_robot_interfaces:/opt/ros/humble LD_LIBRARY_PATH=/home/deepak/arduinobot/install/arduinobot_msgs/lib:${LD_LIBRARY_PATH} PYTHONPATH=/home/deepak/arduinobot/install/arduinobot_msgs/local/lib/python3.10/dist-packages:${PYTHONPATH} /usr/bin/cmake --build /home/deepak/arduinobot/build/arduinobot_cpp_examples -- -j8 -l8
[31.914s] Invoking command in '/home/deepak/arduinobot/build/arduinobot_cpp_examples': AMENT_PREFIX_PATH=/home/deepak/arduinobot/install/arduinobot_msgs:${AMENT_PREFIX_PATH} CMAKE_PREFIX_PATH=/home/deepak/arduinobot/install/arduinobot_msgs:/home/deepak/arduinorobot_ws/install/ign_ros2_control_demos:/home/deepak/arduinorobot_ws/install/arduinobot_bringup:/home/deepak/arduinorobot_ws/install/arduinobot_description:/home/deepak/arduinorobot_ws/install/ign_ros2_control:/home/deepak/arduinorobot_ws/install/gz_ros2_control_tests:/home/deepak/arduinorobot_ws/install/gz_ros2_control_demos:/home/deepak/arduinorobot_ws/install/gz_ros2_control:/home/deepak/arduinorobot_ws/install/arduinobot_utils:/home/deepak/arduinorobot_ws/install/arduinobot_remote:/home/deepak/arduinorobot_ws/install/arduinobot_msgs:/home/deepak/arduinorobot_ws/install/arduinobot_moveit:/home/deepak/arduinorobot_ws/install/arduinobot_firmware:/home/deepak/arduinorobot_ws/install/arduinobot_cpp_examples:/home/deepak/arduinorobot_ws/install/arduinobot_controller:/home/deepak/ros2_ws/install/my_robot_bringup:/home/deepak/ros2_ws/install/my_cpp_pkg:/home/deepak/ros2_ws/install/my_robot_interfaces:/opt/ros/humble LD_LIBRARY_PATH=/home/deepak/arduinobot/install/arduinobot_msgs/lib:${LD_LIBRARY_PATH} PYTHONPATH=/home/deepak/arduinobot/install/arduinobot_msgs/local/lib/python3.10/dist-packages:${PYTHONPATH} /usr/bin/cmake --install /home/deepak/arduinobot/build/arduinobot_cpp_examples
[31.936s] -- Install configuration: ""
[31.937s] -- Installing: /home/deepak/arduinobot/install/arduinobot_cpp_examples/lib/arduinobot_cpp_examples/simple_action_server_node
[31.938s] -- Set runtime path of "/home/deepak/arduinobot/install/arduinobot_cpp_examples/lib/arduinobot_cpp_examples/simple_action_server_node" to ""
[31.938s] -- Installing: /home/deepak/arduinobot/install/arduinobot_cpp_examples/lib/arduinobot_cpp_examples/simple_action_client_node
[31.939s] -- Set runtime path of "/home/deepak/arduinobot/install/arduinobot_cpp_examples/lib/arduinobot_cpp_examples/simple_action_client_node" to ""
[31.939s] -- Installing: /home/deepak/arduinobot/install/arduinobot_cpp_examples/lib/arduinobot_cpp_examples/simple_publisher
[31.941s] -- Set runtime path of "/home/deepak/arduinobot/install/arduinobot_cpp_examples/lib/arduinobot_cpp_examples/simple_publisher" to ""
[31.941s] -- Installing: /home/deepak/arduinobot/install/arduinobot_cpp_examples/lib/arduinobot_cpp_examples/simple_subscriber
[31.946s] -- Set runtime path of "/home/deepak/arduinobot/install/arduinobot_cpp_examples/lib/arduinobot_cpp_examples/simple_subscriber" to ""
[31.946s] -- Installing: /home/deepak/arduinobot/install/arduinobot_cpp_examples/lib/arduinobot_cpp_examples/simple_parameter
[31.947s] -- Set runtime path of "/home/deepak/arduinobot/install/arduinobot_cpp_examples/lib/arduinobot_cpp_examples/simple_parameter" to ""
[31.947s] -- Installing: /home/deepak/arduinobot/install/arduinobot_cpp_examples/lib/arduinobot_cpp_examples/simple_service_server
[31.948s] -- Set runtime path of "/home/deepak/arduinobot/install/arduinobot_cpp_examples/lib/arduinobot_cpp_examples/simple_service_server" to ""
[31.949s] -- Installing: /home/deepak/arduinobot/install/arduinobot_cpp_examples/lib/arduinobot_cpp_examples/simple_service_client
[31.950s] -- Set runtime path of "/home/deepak/arduinobot/install/arduinobot_cpp_examples/lib/arduinobot_cpp_examples/simple_service_client" to ""
[31.950s] -- Installing: /home/deepak/arduinobot/install/arduinobot_cpp_examples/lib/arduinobot_cpp_examples/simple_moveit_interface
[31.951s] -- Set runtime path of "/home/deepak/arduinobot/install/arduinobot_cpp_examples/lib/arduinobot_cpp_examples/simple_moveit_interface" to ""
[31.951s] -- Installing: /home/deepak/arduinobot/install/arduinobot_cpp_examples/lib/arduinobot_cpp_examples/simple_lifecycle_node
[31.956s] -- Set runtime path of "/home/deepak/arduinobot/install/arduinobot_cpp_examples/lib/arduinobot_cpp_examples/simple_lifecycle_node" to ""
[31.956s] -- Installing: /home/deepak/arduinobot/install/arduinobot_cpp_examples/lib/libsimple_action_server.so
[31.959s] -- Set runtime path of "/home/deepak/arduinobot/install/arduinobot_cpp_examples/lib/libsimple_action_server.so" to ""
[31.959s] -- Installing: /home/deepak/arduinobot/install/arduinobot_cpp_examples/lib/libsimple_action_client.so
[31.962s] -- Set runtime path of "/home/deepak/arduinobot/install/arduinobot_cpp_examples/lib/libsimple_action_client.so" to ""
[31.962s] -- Installing: /home/deepak/arduinobot/install/arduinobot_cpp_examples/share/ament_index/resource_index/package_run_dependencies/arduinobot_cpp_examples
[31.962s] -- Installing: /home/deepak/arduinobot/install/arduinobot_cpp_examples/share/ament_index/resource_index/parent_prefix_path/arduinobot_cpp_examples
[31.962s] -- Installing: /home/deepak/arduinobot/install/arduinobot_cpp_examples/share/arduinobot_cpp_examples/environment/ament_prefix_path.sh
[31.963s] -- Installing: /home/deepak/arduinobot/install/arduinobot_cpp_examples/share/arduinobot_cpp_examples/environment/ament_prefix_path.dsv
[31.963s] -- Installing: /home/deepak/arduinobot/install/arduinobot_cpp_examples/share/arduinobot_cpp_examples/environment/path.sh
[31.963s] -- Installing: /home/deepak/arduinobot/install/arduinobot_cpp_examples/share/arduinobot_cpp_examples/environment/path.dsv
[31.963s] -- Installing: /home/deepak/arduinobot/install/arduinobot_cpp_examples/share/arduinobot_cpp_examples/local_setup.bash
[31.964s] -- Installing: /home/deepak/arduinobot/install/arduinobot_cpp_examples/share/arduinobot_cpp_examples/local_setup.sh
[31.964s] -- Installing: /home/deepak/arduinobot/install/arduinobot_cpp_examples/share/arduinobot_cpp_examples/local_setup.zsh
[31.964s] -- Installing: /home/deepak/arduinobot/install/arduinobot_cpp_examples/share/arduinobot_cpp_examples/local_setup.dsv
[31.964s] -- Installing: /home/deepak/arduinobot/install/arduinobot_cpp_examples/share/arduinobot_cpp_examples/package.dsv
[31.965s] -- Installing: /home/deepak/arduinobot/install/arduinobot_cpp_examples/share/ament_index/resource_index/packages/arduinobot_cpp_examples
[31.965s] -- Installing: /home/deepak/arduinobot/install/arduinobot_cpp_examples/share/ament_index/resource_index/rclcpp_components/arduinobot_cpp_examples
[31.965s] -- Installing: /home/deepak/arduinobot/install/arduinobot_cpp_examples/share/arduinobot_cpp_examples/cmake/arduinobot_cpp_examplesConfig.cmake
[31.966s] -- Installing: /home/deepak/arduinobot/install/arduinobot_cpp_examples/share/arduinobot_cpp_examples/cmake/arduinobot_cpp_examplesConfig-version.cmake
[31.966s] -- Installing: /home/deepak/arduinobot/install/arduinobot_cpp_examples/share/arduinobot_cpp_examples/package.xml
[31.970s] Invoked command in '/home/deepak/arduinobot/build/arduinobot_cpp_examples' returned '0': AMENT_PREFIX_PATH=/home/deepak/arduinobot/install/arduinobot_msgs:${AMENT_PREFIX_PATH} CMAKE_PREFIX_PATH=/home/deepak/arduinobot/install/arduinobot_msgs:/home/deepak/arduinorobot_ws/install/ign_ros2_control_demos:/home/deepak/arduinorobot_ws/install/arduinobot_bringup:/home/deepak/arduinorobot_ws/install/arduinobot_description:/home/deepak/arduinorobot_ws/install/ign_ros2_control:/home/deepak/arduinorobot_ws/install/gz_ros2_control_tests:/home/deepak/arduinorobot_ws/install/gz_ros2_control_demos:/home/deepak/arduinorobot_ws/install/gz_ros2_control:/home/deepak/arduinorobot_ws/install/arduinobot_utils:/home/deepak/arduinorobot_ws/install/arduinobot_remote:/home/deepak/arduinorobot_ws/install/arduinobot_msgs:/home/deepak/arduinorobot_ws/install/arduinobot_moveit:/home/deepak/arduinorobot_ws/install/arduinobot_firmware:/home/deepak/arduinorobot_ws/install/arduinobot_cpp_examples:/home/deepak/arduinorobot_ws/install/arduinobot_controller:/home/deepak/ros2_ws/install/my_robot_bringup:/home/deepak/ros2_ws/install/my_cpp_pkg:/home/deepak/ros2_ws/install/my_robot_interfaces:/opt/ros/humble LD_LIBRARY_PATH=/home/deepak/arduinobot/install/arduinobot_msgs/lib:${LD_LIBRARY_PATH} PYTHONPATH=/home/deepak/arduinobot/install/arduinobot_msgs/local/lib/python3.10/dist-packages:${PYTHONPATH} /usr/bin/cmake --install /home/deepak/arduinobot/build/arduinobot_cpp_examples
