[0.674s] Invoking command in '/home/deepak/arduinobot/build/arduinobot_utils': AMENT_PREFIX_PATH=/home/deepak/arduinobot/install/arduinobot_msgs:${AMENT_PREFIX_PATH} CMAKE_PREFIX_PATH=/home/deepak/arduinobot/install/arduinobot_msgs:/home/deepak/arduinorobot_ws/install/ign_ros2_control_demos:/home/deepak/arduinorobot_ws/install/arduinobot_bringup:/home/deepak/arduinorobot_ws/install/arduinobot_description:/home/deepak/arduinorobot_ws/install/ign_ros2_control:/home/deepak/arduinorobot_ws/install/gz_ros2_control_tests:/home/deepak/arduinorobot_ws/install/gz_ros2_control_demos:/home/deepak/arduinorobot_ws/install/gz_ros2_control:/home/deepak/arduinorobot_ws/install/arduinobot_utils:/home/deepak/arduinorobot_ws/install/arduinobot_remote:/home/deepak/arduinorobot_ws/install/arduinobot_msgs:/home/deepak/arduinorobot_ws/install/arduinobot_moveit:/home/deepak/arduinorobot_ws/install/arduinobot_firmware:/home/deepak/arduinorobot_ws/install/arduinobot_cpp_examples:/home/deepak/arduinorobot_ws/install/arduinobot_controller:/home/deepak/ros2_ws/install/my_robot_bringup:/home/deepak/ros2_ws/install/my_cpp_pkg:/home/deepak/ros2_ws/install/my_robot_interfaces:/opt/ros/humble LD_LIBRARY_PATH=/home/deepak/arduinobot/install/arduinobot_msgs/lib:${LD_LIBRARY_PATH} PYTHONPATH=/home/deepak/arduinobot/install/arduinobot_msgs/local/lib/python3.10/dist-packages:${PYTHONPATH} /usr/bin/cmake /home/deepak/arduinobot/src/arduinobot/arduinobot_utils -DCMAKE_INSTALL_PREFIX=/home/deepak/arduinobot/install/arduinobot_utils
[0.809s] -- The C compiler identification is GNU 11.4.0
[0.967s] -- The CXX compiler identification is GNU 11.4.0
[0.985s] -- Detecting C compiler ABI info
[1.140s] -- Detecting C compiler ABI info - done
[1.157s] -- Check for working C compiler: /usr/bin/cc - skipped
[1.157s] -- Detecting C compile features
[1.159s] -- Detecting C compile features - done
[1.169s] -- Detecting CXX compiler ABI info
[1.319s] -- Detecting CXX compiler ABI info - done
[1.332s] -- Check for working CXX compiler: /usr/bin/c++ - skipped
[1.332s] -- Detecting CXX compile features
[1.333s] -- Detecting CXX compile features - done
[1.342s] -- Found ament_cmake: 1.3.12 (/opt/ros/humble/share/ament_cmake/cmake)
[1.663s] -- Found Python3: /usr/bin/python3 (found version "3.10.12") found components: Interpreter 
[1.955s] -- Found rclcpp: 16.0.15 (/opt/ros/humble/share/rclcpp/cmake)
[2.117s] -- Found rosidl_generator_c: 3.1.7 (/opt/ros/humble/share/rosidl_generator_c/cmake)
[2.143s] -- Found rosidl_adapter: 3.1.7 (/opt/ros/humble/share/rosidl_adapter/cmake)
[2.172s] -- Found rosidl_generator_cpp: 3.1.7 (/opt/ros/humble/share/rosidl_generator_cpp/cmake)
[2.213s] -- Using all available rosidl_typesupport_c: rosidl_typesupport_fastrtps_c;rosidl_typesupport_introspection_c
[2.268s] -- Using all available rosidl_typesupport_cpp: rosidl_typesupport_fastrtps_cpp;rosidl_typesupport_introspection_cpp
[2.383s] -- Found rmw_implementation_cmake: 6.1.2 (/opt/ros/humble/share/rmw_implementation_cmake/cmake)
[2.390s] -- Found rmw_cyclonedds_cpp: 1.3.4 (/opt/ros/humble/share/rmw_cyclonedds_cpp/cmake)
[2.435s] -- Using RMW implementation 'rmw_cyclonedds_cpp' as default
[2.456s] -- Looking for pthread.h
[2.559s] -- Looking for pthread.h - found
[2.560s] -- Performing Test CMAKE_HAVE_LIBC_PTHREAD
[2.687s] -- Performing Test CMAKE_HAVE_LIBC_PTHREAD - Success
[2.689s] -- Found Threads: TRUE  
[2.801s] -- Found rclpy: 3.3.17 (/opt/ros/humble/share/rclpy/cmake)
[2.801s] -- Found arduinobot_msgs: 0.0.0 (/home/deepak/arduinobot/install/arduinobot_msgs/share/arduinobot_msgs/cmake)
[2.884s] -- Found tf2: 0.25.16 (/opt/ros/humble/share/tf2/cmake)
[3.260s] -- Configuring done
[3.281s] -- Generating done
[3.289s] -- Build files have been written to: /home/deepak/arduinobot/build/arduinobot_utils
[3.304s] Invoked command in '/home/deepak/arduinobot/build/arduinobot_utils' returned '0': AMENT_PREFIX_PATH=/home/deepak/arduinobot/install/arduinobot_msgs:${AMENT_PREFIX_PATH} CMAKE_PREFIX_PATH=/home/deepak/arduinobot/install/arduinobot_msgs:/home/deepak/arduinorobot_ws/install/ign_ros2_control_demos:/home/deepak/arduinorobot_ws/install/arduinobot_bringup:/home/deepak/arduinorobot_ws/install/arduinobot_description:/home/deepak/arduinorobot_ws/install/ign_ros2_control:/home/deepak/arduinorobot_ws/install/gz_ros2_control_tests:/home/deepak/arduinorobot_ws/install/gz_ros2_control_demos:/home/deepak/arduinorobot_ws/install/gz_ros2_control:/home/deepak/arduinorobot_ws/install/arduinobot_utils:/home/deepak/arduinorobot_ws/install/arduinobot_remote:/home/deepak/arduinorobot_ws/install/arduinobot_msgs:/home/deepak/arduinorobot_ws/install/arduinobot_moveit:/home/deepak/arduinorobot_ws/install/arduinobot_firmware:/home/deepak/arduinorobot_ws/install/arduinobot_cpp_examples:/home/deepak/arduinorobot_ws/install/arduinobot_controller:/home/deepak/ros2_ws/install/my_robot_bringup:/home/deepak/ros2_ws/install/my_cpp_pkg:/home/deepak/ros2_ws/install/my_robot_interfaces:/opt/ros/humble LD_LIBRARY_PATH=/home/deepak/arduinobot/install/arduinobot_msgs/lib:${LD_LIBRARY_PATH} PYTHONPATH=/home/deepak/arduinobot/install/arduinobot_msgs/local/lib/python3.10/dist-packages:${PYTHONPATH} /usr/bin/cmake /home/deepak/arduinobot/src/arduinobot/arduinobot_utils -DCMAKE_INSTALL_PREFIX=/home/deepak/arduinobot/install/arduinobot_utils
[3.307s] Invoking command in '/home/deepak/arduinobot/build/arduinobot_utils': AMENT_PREFIX_PATH=/home/deepak/arduinobot/install/arduinobot_msgs:${AMENT_PREFIX_PATH} CMAKE_PREFIX_PATH=/home/deepak/arduinobot/install/arduinobot_msgs:/home/deepak/arduinorobot_ws/install/ign_ros2_control_demos:/home/deepak/arduinorobot_ws/install/arduinobot_bringup:/home/deepak/arduinorobot_ws/install/arduinobot_description:/home/deepak/arduinorobot_ws/install/ign_ros2_control:/home/deepak/arduinorobot_ws/install/gz_ros2_control_tests:/home/deepak/arduinorobot_ws/install/gz_ros2_control_demos:/home/deepak/arduinorobot_ws/install/gz_ros2_control:/home/deepak/arduinorobot_ws/install/arduinobot_utils:/home/deepak/arduinorobot_ws/install/arduinobot_remote:/home/deepak/arduinorobot_ws/install/arduinobot_msgs:/home/deepak/arduinorobot_ws/install/arduinobot_moveit:/home/deepak/arduinorobot_ws/install/arduinobot_firmware:/home/deepak/arduinorobot_ws/install/arduinobot_cpp_examples:/home/deepak/arduinorobot_ws/install/arduinobot_controller:/home/deepak/ros2_ws/install/my_robot_bringup:/home/deepak/ros2_ws/install/my_cpp_pkg:/home/deepak/ros2_ws/install/my_robot_interfaces:/opt/ros/humble LD_LIBRARY_PATH=/home/deepak/arduinobot/install/arduinobot_msgs/lib:${LD_LIBRARY_PATH} PYTHONPATH=/home/deepak/arduinobot/install/arduinobot_msgs/local/lib/python3.10/dist-packages:${PYTHONPATH} /usr/bin/cmake --build /home/deepak/arduinobot/build/arduinobot_utils -- -j8 -l8
[3.392s] [ 50%] [32mBuilding CXX object CMakeFiles/angle_conversion.dir/src/angle_conversion.cpp.o[0m
[3.405s] [ 50%] Built target ament_cmake_python_copy_arduinobot_utils
[4.030s] running egg_info
[4.031s] creating arduinobot_utils.egg-info
[4.032s] writing arduinobot_utils.egg-info/PKG-INFO
[4.032s] writing dependency_links to arduinobot_utils.egg-info/dependency_links.txt
[4.032s] writing top-level names to arduinobot_utils.egg-info/top_level.txt
[4.033s] writing manifest file 'arduinobot_utils.egg-info/SOURCES.txt'
[4.037s] reading manifest file 'arduinobot_utils.egg-info/SOURCES.txt'
[4.038s] writing manifest file 'arduinobot_utils.egg-info/SOURCES.txt'
[4.095s] [ 50%] Built target ament_cmake_python_build_arduinobot_utils_egg
[15.987s] [100%] [32m[1mLinking CXX executable angle_conversion[0m
[16.723s] [100%] Built target angle_conversion
[16.778s] Invoked command in '/home/deepak/arduinobot/build/arduinobot_utils' returned '0': AMENT_PREFIX_PATH=/home/deepak/arduinobot/install/arduinobot_msgs:${AMENT_PREFIX_PATH} CMAKE_PREFIX_PATH=/home/deepak/arduinobot/install/arduinobot_msgs:/home/deepak/arduinorobot_ws/install/ign_ros2_control_demos:/home/deepak/arduinorobot_ws/install/arduinobot_bringup:/home/deepak/arduinorobot_ws/install/arduinobot_description:/home/deepak/arduinorobot_ws/install/ign_ros2_control:/home/deepak/arduinorobot_ws/install/gz_ros2_control_tests:/home/deepak/arduinorobot_ws/install/gz_ros2_control_demos:/home/deepak/arduinorobot_ws/install/gz_ros2_control:/home/deepak/arduinorobot_ws/install/arduinobot_utils:/home/deepak/arduinorobot_ws/install/arduinobot_remote:/home/deepak/arduinorobot_ws/install/arduinobot_msgs:/home/deepak/arduinorobot_ws/install/arduinobot_moveit:/home/deepak/arduinorobot_ws/install/arduinobot_firmware:/home/deepak/arduinorobot_ws/install/arduinobot_cpp_examples:/home/deepak/arduinorobot_ws/install/arduinobot_controller:/home/deepak/ros2_ws/install/my_robot_bringup:/home/deepak/ros2_ws/install/my_cpp_pkg:/home/deepak/ros2_ws/install/my_robot_interfaces:/opt/ros/humble LD_LIBRARY_PATH=/home/deepak/arduinobot/install/arduinobot_msgs/lib:${LD_LIBRARY_PATH} PYTHONPATH=/home/deepak/arduinobot/install/arduinobot_msgs/local/lib/python3.10/dist-packages:${PYTHONPATH} /usr/bin/cmake --build /home/deepak/arduinobot/build/arduinobot_utils -- -j8 -l8
[16.779s] Invoking command in '/home/deepak/arduinobot/build/arduinobot_utils': AMENT_PREFIX_PATH=/home/deepak/arduinobot/install/arduinobot_msgs:${AMENT_PREFIX_PATH} CMAKE_PREFIX_PATH=/home/deepak/arduinobot/install/arduinobot_msgs:/home/deepak/arduinorobot_ws/install/ign_ros2_control_demos:/home/deepak/arduinorobot_ws/install/arduinobot_bringup:/home/deepak/arduinorobot_ws/install/arduinobot_description:/home/deepak/arduinorobot_ws/install/ign_ros2_control:/home/deepak/arduinorobot_ws/install/gz_ros2_control_tests:/home/deepak/arduinorobot_ws/install/gz_ros2_control_demos:/home/deepak/arduinorobot_ws/install/gz_ros2_control:/home/deepak/arduinorobot_ws/install/arduinobot_utils:/home/deepak/arduinorobot_ws/install/arduinobot_remote:/home/deepak/arduinorobot_ws/install/arduinobot_msgs:/home/deepak/arduinorobot_ws/install/arduinobot_moveit:/home/deepak/arduinorobot_ws/install/arduinobot_firmware:/home/deepak/arduinorobot_ws/install/arduinobot_cpp_examples:/home/deepak/arduinorobot_ws/install/arduinobot_controller:/home/deepak/ros2_ws/install/my_robot_bringup:/home/deepak/ros2_ws/install/my_cpp_pkg:/home/deepak/ros2_ws/install/my_robot_interfaces:/opt/ros/humble LD_LIBRARY_PATH=/home/deepak/arduinobot/install/arduinobot_msgs/lib:${LD_LIBRARY_PATH} PYTHONPATH=/home/deepak/arduinobot/install/arduinobot_msgs/local/lib/python3.10/dist-packages:${PYTHONPATH} /usr/bin/cmake --install /home/deepak/arduinobot/build/arduinobot_utils
[16.810s] -- Install configuration: ""
[16.810s] -- Installing: /home/deepak/arduinobot/install/arduinobot_utils/share/arduinobot_utils/environment/pythonpath.sh
[16.814s] -- Installing: /home/deepak/arduinobot/install/arduinobot_utils/share/arduinobot_utils/environment/pythonpath.dsv
[16.814s] -- Installing: /home/deepak/arduinobot/install/arduinobot_utils/local/lib/python3.10/dist-packages/arduinobot_utils-0.0.0-py3.10.egg-info
[16.815s] -- Installing: /home/deepak/arduinobot/install/arduinobot_utils/local/lib/python3.10/dist-packages/arduinobot_utils-0.0.0-py3.10.egg-info/PKG-INFO
[16.815s] -- Installing: /home/deepak/arduinobot/install/arduinobot_utils/local/lib/python3.10/dist-packages/arduinobot_utils-0.0.0-py3.10.egg-info/dependency_links.txt
[16.815s] -- Installing: /home/deepak/arduinobot/install/arduinobot_utils/local/lib/python3.10/dist-packages/arduinobot_utils-0.0.0-py3.10.egg-info/SOURCES.txt
[16.816s] -- Installing: /home/deepak/arduinobot/install/arduinobot_utils/local/lib/python3.10/dist-packages/arduinobot_utils-0.0.0-py3.10.egg-info/top_level.txt
[16.816s] -- Installing: /home/deepak/arduinobot/install/arduinobot_utils/local/lib/python3.10/dist-packages/arduinobot_utils
[16.817s] -- Installing: /home/deepak/arduinobot/install/arduinobot_utils/local/lib/python3.10/dist-packages/arduinobot_utils/__init__.py
[16.817s] -- Installing: /home/deepak/arduinobot/install/arduinobot_utils/local/lib/python3.10/dist-packages/arduinobot_utils/angle_conversion.py
[17.005s] Listing '/home/deepak/arduinobot/install/arduinobot_utils/local/lib/python3.10/dist-packages/arduinobot_utils'...
[17.005s] Compiling '/home/deepak/arduinobot/install/arduinobot_utils/local/lib/python3.10/dist-packages/arduinobot_utils/__init__.py'...
[17.005s] Compiling '/home/deepak/arduinobot/install/arduinobot_utils/local/lib/python3.10/dist-packages/arduinobot_utils/angle_conversion.py'...
[17.031s] -- Installing: /home/deepak/arduinobot/install/arduinobot_utils/lib/arduinobot_utils/angle_conversion
[17.039s] -- Set runtime path of "/home/deepak/arduinobot/install/arduinobot_utils/lib/arduinobot_utils/angle_conversion" to ""
[17.039s] -- Installing: /home/deepak/arduinobot/install/arduinobot_utils/lib/arduinobot_utils/angle_conversion.py
[17.039s] -- Installing: /home/deepak/arduinobot/install/arduinobot_utils/share/ament_index/resource_index/package_run_dependencies/arduinobot_utils
[17.044s] -- Installing: /home/deepak/arduinobot/install/arduinobot_utils/share/ament_index/resource_index/parent_prefix_path/arduinobot_utils
[17.045s] -- Installing: /home/deepak/arduinobot/install/arduinobot_utils/share/arduinobot_utils/environment/ament_prefix_path.sh
[17.045s] -- Installing: /home/deepak/arduinobot/install/arduinobot_utils/share/arduinobot_utils/environment/ament_prefix_path.dsv
[17.045s] -- Installing: /home/deepak/arduinobot/install/arduinobot_utils/share/arduinobot_utils/environment/path.sh
[17.046s] -- Installing: /home/deepak/arduinobot/install/arduinobot_utils/share/arduinobot_utils/environment/path.dsv
[17.047s] -- Installing: /home/deepak/arduinobot/install/arduinobot_utils/share/arduinobot_utils/local_setup.bash
[17.048s] -- Installing: /home/deepak/arduinobot/install/arduinobot_utils/share/arduinobot_utils/local_setup.sh
[17.049s] -- Installing: /home/deepak/arduinobot/install/arduinobot_utils/share/arduinobot_utils/local_setup.zsh
[17.049s] -- Installing: /home/deepak/arduinobot/install/arduinobot_utils/share/arduinobot_utils/local_setup.dsv
[17.050s] -- Installing: /home/deepak/arduinobot/install/arduinobot_utils/share/arduinobot_utils/package.dsv
[17.052s] -- Installing: /home/deepak/arduinobot/install/arduinobot_utils/share/ament_index/resource_index/packages/arduinobot_utils
[17.052s] -- Installing: /home/deepak/arduinobot/install/arduinobot_utils/share/arduinobot_utils/cmake/arduinobot_utilsConfig.cmake
[17.053s] -- Installing: /home/deepak/arduinobot/install/arduinobot_utils/share/arduinobot_utils/cmake/arduinobot_utilsConfig-version.cmake
[17.054s] -- Installing: /home/deepak/arduinobot/install/arduinobot_utils/share/arduinobot_utils/package.xml
[17.064s] Invoked command in '/home/deepak/arduinobot/build/arduinobot_utils' returned '0': AMENT_PREFIX_PATH=/home/deepak/arduinobot/install/arduinobot_msgs:${AMENT_PREFIX_PATH} CMAKE_PREFIX_PATH=/home/deepak/arduinobot/install/arduinobot_msgs:/home/deepak/arduinorobot_ws/install/ign_ros2_control_demos:/home/deepak/arduinorobot_ws/install/arduinobot_bringup:/home/deepak/arduinorobot_ws/install/arduinobot_description:/home/deepak/arduinorobot_ws/install/ign_ros2_control:/home/deepak/arduinorobot_ws/install/gz_ros2_control_tests:/home/deepak/arduinorobot_ws/install/gz_ros2_control_demos:/home/deepak/arduinorobot_ws/install/gz_ros2_control:/home/deepak/arduinorobot_ws/install/arduinobot_utils:/home/deepak/arduinorobot_ws/install/arduinobot_remote:/home/deepak/arduinorobot_ws/install/arduinobot_msgs:/home/deepak/arduinorobot_ws/install/arduinobot_moveit:/home/deepak/arduinorobot_ws/install/arduinobot_firmware:/home/deepak/arduinorobot_ws/install/arduinobot_cpp_examples:/home/deepak/arduinorobot_ws/install/arduinobot_controller:/home/deepak/ros2_ws/install/my_robot_bringup:/home/deepak/ros2_ws/install/my_cpp_pkg:/home/deepak/ros2_ws/install/my_robot_interfaces:/opt/ros/humble LD_LIBRARY_PATH=/home/deepak/arduinobot/install/arduinobot_msgs/lib:${LD_LIBRARY_PATH} PYTHONPATH=/home/deepak/arduinobot/install/arduinobot_msgs/local/lib/python3.10/dist-packages:${PYTHONPATH} /usr/bin/cmake --install /home/deepak/arduinobot/build/arduinobot_utils
