[0.038s] Invoking command in '/home/deepak/arduinobot/build/arduinobot_msgs': CMAKE_PREFIX_PATH=${CMAKE_PREFIX_PATH}:/opt/ros/humble /usr/bin/cmake /home/deepak/arduinobot/src/arduinobot/arduinobot_msgs -DCMAKE_INSTALL_PREFIX=/home/deepak/arduinobot/install/arduinobot_msgs
[0.188s] -- The C compiler identification is GNU 11.4.0
[0.349s] -- The CXX compiler identification is GNU 11.4.0
[0.361s] -- Detecting C compiler ABI info
[0.475s] -- Detecting C compiler ABI info - done
[0.486s] -- Check for working C compiler: /usr/bin/cc - skipped
[0.487s] -- Detecting C compile features
[0.488s] -- Detecting C compile features - done
[0.493s] -- Detecting CXX compiler ABI info
[0.618s] -- Detecting CXX compiler ABI info - done
[0.629s] -- Check for working CXX compiler: /usr/bin/c++ - skipped
[0.629s] -- Detecting CXX compile features
[0.630s] -- Detecting CXX compile features - done
[0.647s] -- Found ament_cmake: 1.3.12 (/opt/ros/humble/share/ament_cmake/cmake)
[0.892s] -- Found Python3: /usr/bin/python3 (found version "3.10.12") found components: Interpreter 
[1.115s] -- Found std_msgs: 4.9.0 (/opt/ros/humble/share/std_msgs/cmake)
[1.212s] -- Found rosidl_generator_c: 3.1.7 (/opt/ros/humble/share/rosidl_generator_c/cmake)
[1.228s] -- Found rosidl_adapter: 3.1.7 (/opt/ros/humble/share/rosidl_adapter/cmake)
[1.253s] -- Found rosidl_generator_cpp: 3.1.7 (/opt/ros/humble/share/rosidl_generator_cpp/cmake)
[1.288s] -- Using all available rosidl_typesupport_c: rosidl_typesupport_fastrtps_c;rosidl_typesupport_introspection_c
[1.339s] -- Using all available rosidl_typesupport_cpp: rosidl_typesupport_fastrtps_cpp;rosidl_typesupport_introspection_cpp
[1.399s] -- Found rosidl_default_generators: 1.2.0 (/opt/ros/humble/share/rosidl_default_generators/cmake)
[2.064s] -- Found ament_cmake_ros: 0.10.0 (/opt/ros/humble/share/ament_cmake_ros/cmake)
[2.764s] -- Using all available rosidl_typesupport_c: rosidl_typesupport_fastrtps_c;rosidl_typesupport_introspection_c
[3.015s] -- Using all available rosidl_typesupport_cpp: rosidl_typesupport_fastrtps_cpp;rosidl_typesupport_introspection_cpp
[3.049s] -- Found PythonInterp: /usr/bin/python3 (found suitable version "3.10.12", minimum required is "3.6") 
[3.055s] -- Found python_cmake_module: 0.10.0 (/opt/ros/humble/share/python_cmake_module/cmake)
[3.094s] -- Found PythonLibs: /usr/lib/x86_64-linux-gnu/libpython3.10.so (found suitable version "3.10.12", minimum required is "3.5") 
[3.095s] -- Using PYTHON_EXECUTABLE: /usr/bin/python3
[3.095s] -- Using PYTHON_INCLUDE_DIRS: /usr/include/python3.10
[3.095s] -- Using PYTHON_LIBRARIES: /usr/lib/x86_64-linux-gnu/libpython3.10.so
[3.126s] -- Found PythonExtra: .so  
[3.217s] -- Configuring done
[3.276s] -- Generating done
[3.297s] -- Build files have been written to: /home/deepak/arduinobot/build/arduinobot_msgs
[3.317s] Invoked command in '/home/deepak/arduinobot/build/arduinobot_msgs' returned '0': CMAKE_PREFIX_PATH=${CMAKE_PREFIX_PATH}:/opt/ros/humble /usr/bin/cmake /home/deepak/arduinobot/src/arduinobot/arduinobot_msgs -DCMAKE_INSTALL_PREFIX=/home/deepak/arduinobot/install/arduinobot_msgs
[3.320s] Invoking command in '/home/deepak/arduinobot/build/arduinobot_msgs': CMAKE_PREFIX_PATH=${CMAKE_PREFIX_PATH}:/opt/ros/humble /usr/bin/cmake --build /home/deepak/arduinobot/build/arduinobot_msgs -- -j8 -l8
[3.384s] [  1%] [34m[1mGenerating C code for ROS interfaces[0m
[3.408s] [  3%] [34m[1mGenerating C++ code for ROS interfaces[0m
[3.426s] [  3%] Built target ament_cmake_python_copy_arduinobot_msgs
[4.010s] running egg_info
[4.011s] creating arduinobot_msgs.egg-info
[4.011s] writing arduinobot_msgs.egg-info/PKG-INFO
[4.012s] writing dependency_links to arduinobot_msgs.egg-info/dependency_links.txt
[4.012s] writing top-level names to arduinobot_msgs.egg-info/top_level.txt
[4.013s] writing manifest file 'arduinobot_msgs.egg-info/SOURCES.txt'
[4.018s] reading manifest file 'arduinobot_msgs.egg-info/SOURCES.txt'
[4.019s] writing manifest file 'arduinobot_msgs.egg-info/SOURCES.txt'
[4.089s] [  3%] Built target ament_cmake_python_build_arduinobot_msgs_egg
[5.662s] [  3%] Built target arduinobot_msgs__cpp
[5.691s] [  4%] [34m[1mGenerating C++ type support for eProsima Fast-RTPS[0m
[5.691s] [  6%] [34m[1mGenerating C++ type support dispatch for ROS interfaces[0m
[5.692s] [  7%] [34m[1mGenerating C++ introspection for ROS interfaces[0m
[6.580s] [  9%] [32mBuilding C object CMakeFiles/arduinobot_msgs__rosidl_generator_c.dir/rosidl_generator_c/arduinobot_msgs/srv/detail/euler_to_quaternion__functions.c.o[0m
[6.600s] [ 11%] [32mBuilding C object CMakeFiles/arduinobot_msgs__rosidl_generator_c.dir/rosidl_generator_c/arduinobot_msgs/srv/detail/add_two_ints__functions.c.o[0m
[6.604s] [ 12%] [32mBuilding C object CMakeFiles/arduinobot_msgs__rosidl_generator_c.dir/rosidl_generator_c/arduinobot_msgs/srv/detail/quaternion_to_euler__functions.c.o[0m
[6.605s] [ 14%] [32mBuilding C object CMakeFiles/arduinobot_msgs__rosidl_generator_c.dir/rosidl_generator_c/arduinobot_msgs/action/detail/fibonacci__functions.c.o[0m
[6.613s] [ 15%] [32mBuilding C object CMakeFiles/arduinobot_msgs__rosidl_generator_c.dir/rosidl_generator_c/arduinobot_msgs/action/detail/arduinobot_task__functions.c.o[0m
[7.157s] [ 17%] [32m[1mLinking C shared library libarduinobot_msgs__rosidl_generator_c.so[0m
[7.296s] [ 17%] Built target arduinobot_msgs__rosidl_generator_c
[7.342s] [ 19%] [34m[1mGenerating C type support dispatch for ROS interfaces[0m
[7.342s] [ 20%] [34m[1mGenerating C introspection for ROS interfaces[0m
[7.343s] [ 22%] [34m[1mGenerating C type support for eProsima Fast-RTPS[0m
[7.879s] [ 23%] [32mBuilding CXX object CMakeFiles/arduinobot_msgs__rosidl_typesupport_cpp.dir/rosidl_typesupport_cpp/arduinobot_msgs/srv/add_two_ints__type_support.cpp.o[0m
[7.897s] [ 25%] [32mBuilding CXX object CMakeFiles/arduinobot_msgs__rosidl_typesupport_cpp.dir/rosidl_typesupport_cpp/arduinobot_msgs/srv/quaternion_to_euler__type_support.cpp.o[0m
[7.897s] [ 26%] [32mBuilding CXX object CMakeFiles/arduinobot_msgs__rosidl_typesupport_cpp.dir/rosidl_typesupport_cpp/arduinobot_msgs/srv/euler_to_quaternion__type_support.cpp.o[0m
[7.959s] [ 28%] [32mBuilding CXX object CMakeFiles/arduinobot_msgs__rosidl_typesupport_introspection_cpp.dir/rosidl_typesupport_introspection_cpp/arduinobot_msgs/srv/detail/add_two_ints__type_support.cpp.o[0m
[8.682s] [ 30%] [32mBuilding CXX object CMakeFiles/arduinobot_msgs__rosidl_typesupport_introspection_cpp.dir/rosidl_typesupport_introspection_cpp/arduinobot_msgs/srv/detail/euler_to_quaternion__type_support.cpp.o[0m
[8.811s] [ 31%] [32mBuilding CXX object CMakeFiles/arduinobot_msgs__rosidl_typesupport_cpp.dir/rosidl_typesupport_cpp/arduinobot_msgs/action/fibonacci__type_support.cpp.o[0m
[8.906s] [ 33%] [32mBuilding CXX object CMakeFiles/arduinobot_msgs__rosidl_typesupport_cpp.dir/rosidl_typesupport_cpp/arduinobot_msgs/action/arduinobot_task__type_support.cpp.o[0m
[9.322s] [ 34%] [32mBuilding CXX object CMakeFiles/arduinobot_msgs__rosidl_typesupport_fastrtps_cpp.dir/rosidl_typesupport_fastrtps_cpp/arduinobot_msgs/srv/detail/dds_fastrtps/add_two_ints__type_support.cpp.o[0m
[9.476s] [ 36%] [32mBuilding CXX object CMakeFiles/arduinobot_msgs__rosidl_typesupport_fastrtps_cpp.dir/rosidl_typesupport_fastrtps_cpp/arduinobot_msgs/srv/detail/dds_fastrtps/euler_to_quaternion__type_support.cpp.o[0m
[9.796s] [ 38%] [32mBuilding CXX object CMakeFiles/arduinobot_msgs__rosidl_typesupport_c.dir/rosidl_typesupport_c/arduinobot_msgs/srv/add_two_ints__type_support.cpp.o[0m
[9.904s] [ 39%] [32mBuilding CXX object CMakeFiles/arduinobot_msgs__rosidl_typesupport_introspection_cpp.dir/rosidl_typesupport_introspection_cpp/arduinobot_msgs/srv/detail/quaternion_to_euler__type_support.cpp.o[0m
[9.925s] [ 41%] [32mBuilding CXX object CMakeFiles/arduinobot_msgs__rosidl_typesupport_c.dir/rosidl_typesupport_c/arduinobot_msgs/srv/euler_to_quaternion__type_support.cpp.o[0m
[10.052s] [ 42%] [32mBuilding CXX object CMakeFiles/arduinobot_msgs__rosidl_typesupport_c.dir/rosidl_typesupport_c/arduinobot_msgs/srv/quaternion_to_euler__type_support.cpp.o[0m
[10.216s] [ 44%] [32mBuilding CXX object CMakeFiles/arduinobot_msgs__rosidl_typesupport_c.dir/rosidl_typesupport_c/arduinobot_msgs/action/fibonacci__type_support.cpp.o[0m
[10.272s] [ 46%] [32mBuilding C object CMakeFiles/arduinobot_msgs__rosidl_typesupport_introspection_c.dir/rosidl_typesupport_introspection_c/arduinobot_msgs/srv/detail/add_two_ints__type_support.c.o[0m
[10.386s] [ 47%] [32mBuilding CXX object CMakeFiles/arduinobot_msgs__rosidl_typesupport_c.dir/rosidl_typesupport_c/arduinobot_msgs/action/arduinobot_task__type_support.cpp.o[0m
[10.409s] [ 49%] [32mBuilding C object CMakeFiles/arduinobot_msgs__rosidl_typesupport_introspection_c.dir/rosidl_typesupport_introspection_c/arduinobot_msgs/srv/detail/euler_to_quaternion__type_support.c.o[0m
[10.591s] [ 50%] [32m[1mLinking CXX shared library libarduinobot_msgs__rosidl_typesupport_c.so[0m
[10.593s] [ 52%] [32mBuilding C object CMakeFiles/arduinobot_msgs__rosidl_typesupport_introspection_c.dir/rosidl_typesupport_introspection_c/arduinobot_msgs/srv/detail/quaternion_to_euler__type_support.c.o[0m
[10.678s] [ 53%] [32mBuilding C object CMakeFiles/arduinobot_msgs__rosidl_typesupport_introspection_c.dir/rosidl_typesupport_introspection_c/arduinobot_msgs/action/detail/fibonacci__type_support.c.o[0m
[10.748s] [ 55%] [32mBuilding C object CMakeFiles/arduinobot_msgs__rosidl_typesupport_introspection_c.dir/rosidl_typesupport_introspection_c/arduinobot_msgs/action/detail/arduinobot_task__type_support.c.o[0m
[10.805s] [ 57%] [32mBuilding CXX object CMakeFiles/arduinobot_msgs__rosidl_typesupport_introspection_cpp.dir/rosidl_typesupport_introspection_cpp/arduinobot_msgs/action/detail/fibonacci__type_support.cpp.o[0m
[10.815s] [ 57%] Built target arduinobot_msgs__rosidl_typesupport_c
[10.848s] [ 58%] [32mBuilding CXX object CMakeFiles/arduinobot_msgs__rosidl_typesupport_fastrtps_cpp.dir/rosidl_typesupport_fastrtps_cpp/arduinobot_msgs/srv/detail/dds_fastrtps/quaternion_to_euler__type_support.cpp.o[0m
[10.853s] [ 60%] [32mBuilding CXX object CMakeFiles/arduinobot_msgs__rosidl_typesupport_introspection_cpp.dir/rosidl_typesupport_introspection_cpp/arduinobot_msgs/action/detail/arduinobot_task__type_support.cpp.o[0m
[10.895s] [ 61%] [32mBuilding CXX object CMakeFiles/arduinobot_msgs__rosidl_typesupport_fastrtps_cpp.dir/rosidl_typesupport_fastrtps_cpp/arduinobot_msgs/action/detail/dds_fastrtps/arduinobot_task__type_support.cpp.o[0m
[10.896s] [ 63%] [32mBuilding CXX object CMakeFiles/arduinobot_msgs__rosidl_typesupport_fastrtps_cpp.dir/rosidl_typesupport_fastrtps_cpp/arduinobot_msgs/action/detail/dds_fastrtps/fibonacci__type_support.cpp.o[0m
[10.931s] [ 65%] [32m[1mLinking CXX shared library libarduinobot_msgs__rosidl_typesupport_cpp.so[0m
[10.976s] [ 66%] [32m[1mLinking C shared library libarduinobot_msgs__rosidl_typesupport_introspection_c.so[0m
[11.139s] [ 66%] Built target arduinobot_msgs__rosidl_typesupport_introspection_c
[11.186s] [ 66%] Built target arduinobot_msgs__rosidl_typesupport_cpp
[11.683s] [ 68%] [32mBuilding CXX object CMakeFiles/arduinobot_msgs__rosidl_typesupport_fastrtps_c.dir/rosidl_typesupport_fastrtps_c/arduinobot_msgs/srv/detail/add_two_ints__type_support_c.cpp.o[0m
[11.685s] [ 69%] [32mBuilding CXX object CMakeFiles/arduinobot_msgs__rosidl_typesupport_fastrtps_c.dir/rosidl_typesupport_fastrtps_c/arduinobot_msgs/srv/detail/euler_to_quaternion__type_support_c.cpp.o[0m
[11.691s] [ 71%] [32mBuilding CXX object CMakeFiles/arduinobot_msgs__rosidl_typesupport_fastrtps_c.dir/rosidl_typesupport_fastrtps_c/arduinobot_msgs/srv/detail/quaternion_to_euler__type_support_c.cpp.o[0m
[12.267s] [ 73%] [32mBuilding CXX object CMakeFiles/arduinobot_msgs__rosidl_typesupport_fastrtps_c.dir/rosidl_typesupport_fastrtps_c/arduinobot_msgs/action/detail/fibonacci__type_support_c.cpp.o[0m
[12.741s] [ 74%] [32mBuilding CXX object CMakeFiles/arduinobot_msgs__rosidl_typesupport_fastrtps_c.dir/rosidl_typesupport_fastrtps_c/arduinobot_msgs/action/detail/arduinobot_task__type_support_c.cpp.o[0m
[13.018s] [ 76%] [32m[1mLinking CXX shared library libarduinobot_msgs__rosidl_typesupport_introspection_cpp.so[0m
[13.077s] [ 77%] [32m[1mLinking CXX shared library libarduinobot_msgs__rosidl_typesupport_fastrtps_cpp.so[0m
[13.250s] [ 77%] Built target arduinobot_msgs__rosidl_typesupport_introspection_cpp
[13.342s] [ 77%] Built target arduinobot_msgs__rosidl_typesupport_fastrtps_cpp
[13.672s] [ 79%] [32m[1mLinking CXX shared library libarduinobot_msgs__rosidl_typesupport_fastrtps_c.so[0m
[13.846s] [ 79%] Built target arduinobot_msgs__rosidl_typesupport_fastrtps_c
[13.887s] [ 79%] Built target arduinobot_msgs
[13.925s] [ 80%] [34m[1mGenerating Python code for ROS interfaces[0m
[17.511s] [ 80%] Built target arduinobot_msgs__py
[17.561s] [ 82%] [32mBuilding C object CMakeFiles/arduinobot_msgs__rosidl_generator_py.dir/rosidl_generator_py/arduinobot_msgs/srv/_euler_to_quaternion_s.c.o[0m
[17.562s] [ 84%] [32mBuilding C object CMakeFiles/arduinobot_msgs__rosidl_generator_py.dir/rosidl_generator_py/arduinobot_msgs/action/_arduinobot_task_s.c.o[0m
[17.563s] [ 85%] [32mBuilding C object CMakeFiles/arduinobot_msgs__rosidl_generator_py.dir/rosidl_generator_py/arduinobot_msgs/srv/_add_two_ints_s.c.o[0m
[17.564s] [ 87%] [32mBuilding C object CMakeFiles/arduinobot_msgs__rosidl_generator_py.dir/rosidl_generator_py/arduinobot_msgs/srv/_quaternion_to_euler_s.c.o[0m
[17.573s] [ 88%] [32mBuilding C object CMakeFiles/arduinobot_msgs__rosidl_generator_py.dir/rosidl_generator_py/arduinobot_msgs/action/_fibonacci_s.c.o[0m
[17.976s] [ 90%] [32m[1mLinking C shared library rosidl_generator_py/arduinobot_msgs/libarduinobot_msgs__rosidl_generator_py.so[0m
[18.047s] [ 90%] Built target arduinobot_msgs__rosidl_generator_py
[18.086s] [ 92%] [32mBuilding C object CMakeFiles/arduinobot_msgs__rosidl_typesupport_introspection_c__pyext.dir/rosidl_generator_py/arduinobot_msgs/_arduinobot_msgs_s.ep.rosidl_typesupport_introspection_c.c.o[0m
[18.094s] [ 93%] [32mBuilding C object CMakeFiles/arduinobot_msgs__rosidl_typesupport_fastrtps_c__pyext.dir/rosidl_generator_py/arduinobot_msgs/_arduinobot_msgs_s.ep.rosidl_typesupport_fastrtps_c.c.o[0m
[18.103s] [ 95%] [32mBuilding C object CMakeFiles/arduinobot_msgs__rosidl_typesupport_c__pyext.dir/rosidl_generator_py/arduinobot_msgs/_arduinobot_msgs_s.ep.rosidl_typesupport_c.c.o[0m
[18.464s] [ 96%] [32m[1mLinking C shared library rosidl_generator_py/arduinobot_msgs/arduinobot_msgs_s__rosidl_typesupport_fastrtps_c.cpython-310-x86_64-linux-gnu.so[0m
[18.513s] [ 98%] [32m[1mLinking C shared library rosidl_generator_py/arduinobot_msgs/arduinobot_msgs_s__rosidl_typesupport_c.cpython-310-x86_64-linux-gnu.so[0m
[18.538s] [100%] [32m[1mLinking C shared library rosidl_generator_py/arduinobot_msgs/arduinobot_msgs_s__rosidl_typesupport_introspection_c.cpython-310-x86_64-linux-gnu.so[0m
[18.561s] [100%] Built target arduinobot_msgs__rosidl_typesupport_fastrtps_c__pyext
[18.608s] [100%] Built target arduinobot_msgs__rosidl_typesupport_c__pyext
[18.615s] [100%] Built target arduinobot_msgs__rosidl_typesupport_introspection_c__pyext
[18.637s] Invoked command in '/home/deepak/arduinobot/build/arduinobot_msgs' returned '0': CMAKE_PREFIX_PATH=${CMAKE_PREFIX_PATH}:/opt/ros/humble /usr/bin/cmake --build /home/deepak/arduinobot/build/arduinobot_msgs -- -j8 -l8
[18.639s] Invoking command in '/home/deepak/arduinobot/build/arduinobot_msgs': CMAKE_PREFIX_PATH=${CMAKE_PREFIX_PATH}:/opt/ros/humble /usr/bin/cmake --install /home/deepak/arduinobot/build/arduinobot_msgs
[18.652s] -- Install configuration: ""
[18.652s] -- Installing: /home/deepak/arduinobot/install/arduinobot_msgs/share/ament_index/resource_index/rosidl_interfaces/arduinobot_msgs
[18.653s] -- Installing: /home/deepak/arduinobot/install/arduinobot_msgs/include/arduinobot_msgs/arduinobot_msgs
[18.653s] -- Installing: /home/deepak/arduinobot/install/arduinobot_msgs/include/arduinobot_msgs/arduinobot_msgs/msg
[18.653s] -- Installing: /home/deepak/arduinobot/install/arduinobot_msgs/include/arduinobot_msgs/arduinobot_msgs/msg/rosidl_generator_c__visibility_control.h
[18.653s] -- Installing: /home/deepak/arduinobot/install/arduinobot_msgs/include/arduinobot_msgs/arduinobot_msgs/action
[18.653s] -- Installing: /home/deepak/arduinobot/install/arduinobot_msgs/include/arduinobot_msgs/arduinobot_msgs/action/detail
[18.654s] -- Installing: /home/deepak/arduinobot/install/arduinobot_msgs/include/arduinobot_msgs/arduinobot_msgs/action/detail/arduinobot_task__type_support.h
[18.654s] -- Installing: /home/deepak/arduinobot/install/arduinobot_msgs/include/arduinobot_msgs/arduinobot_msgs/action/detail/arduinobot_task__functions.c
[18.654s] -- Installing: /home/deepak/arduinobot/install/arduinobot_msgs/include/arduinobot_msgs/arduinobot_msgs/action/detail/fibonacci__functions.c
[18.654s] -- Installing: /home/deepak/arduinobot/install/arduinobot_msgs/include/arduinobot_msgs/arduinobot_msgs/action/detail/arduinobot_task__struct.h
[18.654s] -- Installing: /home/deepak/arduinobot/install/arduinobot_msgs/include/arduinobot_msgs/arduinobot_msgs/action/detail/fibonacci__functions.h
[18.655s] -- Installing: /home/deepak/arduinobot/install/arduinobot_msgs/include/arduinobot_msgs/arduinobot_msgs/action/detail/fibonacci__type_support.h
[18.655s] -- Installing: /home/deepak/arduinobot/install/arduinobot_msgs/include/arduinobot_msgs/arduinobot_msgs/action/detail/arduinobot_task__functions.h
[18.655s] -- Installing: /home/deepak/arduinobot/install/arduinobot_msgs/include/arduinobot_msgs/arduinobot_msgs/action/detail/fibonacci__struct.h
[18.655s] -- Installing: /home/deepak/arduinobot/install/arduinobot_msgs/include/arduinobot_msgs/arduinobot_msgs/action/fibonacci.h
[18.656s] -- Installing: /home/deepak/arduinobot/install/arduinobot_msgs/include/arduinobot_msgs/arduinobot_msgs/action/arduinobot_task.h
[18.656s] -- Installing: /home/deepak/arduinobot/install/arduinobot_msgs/include/arduinobot_msgs/arduinobot_msgs/srv
[18.656s] -- Installing: /home/deepak/arduinobot/install/arduinobot_msgs/include/arduinobot_msgs/arduinobot_msgs/srv/detail
[18.656s] -- Installing: /home/deepak/arduinobot/install/arduinobot_msgs/include/arduinobot_msgs/arduinobot_msgs/srv/detail/add_two_ints__functions.c
[18.656s] -- Installing: /home/deepak/arduinobot/install/arduinobot_msgs/include/arduinobot_msgs/arduinobot_msgs/srv/detail/euler_to_quaternion__functions.h
[18.657s] -- Installing: /home/deepak/arduinobot/install/arduinobot_msgs/include/arduinobot_msgs/arduinobot_msgs/srv/detail/add_two_ints__type_support.h
[18.657s] -- Installing: /home/deepak/arduinobot/install/arduinobot_msgs/include/arduinobot_msgs/arduinobot_msgs/srv/detail/add_two_ints__struct.h
[18.657s] -- Installing: /home/deepak/arduinobot/install/arduinobot_msgs/include/arduinobot_msgs/arduinobot_msgs/srv/detail/quaternion_to_euler__functions.c
[18.657s] -- Installing: /home/deepak/arduinobot/install/arduinobot_msgs/include/arduinobot_msgs/arduinobot_msgs/srv/detail/quaternion_to_euler__type_support.h
[18.657s] -- Installing: /home/deepak/arduinobot/install/arduinobot_msgs/include/arduinobot_msgs/arduinobot_msgs/srv/detail/quaternion_to_euler__functions.h
[18.658s] -- Installing: /home/deepak/arduinobot/install/arduinobot_msgs/include/arduinobot_msgs/arduinobot_msgs/srv/detail/quaternion_to_euler__struct.h
[18.658s] -- Installing: /home/deepak/arduinobot/install/arduinobot_msgs/include/arduinobot_msgs/arduinobot_msgs/srv/detail/euler_to_quaternion__type_support.h
[18.658s] -- Installing: /home/deepak/arduinobot/install/arduinobot_msgs/include/arduinobot_msgs/arduinobot_msgs/srv/detail/add_two_ints__functions.h
[18.658s] -- Installing: /home/deepak/arduinobot/install/arduinobot_msgs/include/arduinobot_msgs/arduinobot_msgs/srv/detail/euler_to_quaternion__struct.h
[18.658s] -- Installing: /home/deepak/arduinobot/install/arduinobot_msgs/include/arduinobot_msgs/arduinobot_msgs/srv/detail/euler_to_quaternion__functions.c
[18.658s] -- Installing: /home/deepak/arduinobot/install/arduinobot_msgs/include/arduinobot_msgs/arduinobot_msgs/srv/euler_to_quaternion.h
[18.659s] -- Installing: /home/deepak/arduinobot/install/arduinobot_msgs/include/arduinobot_msgs/arduinobot_msgs/srv/quaternion_to_euler.h
[18.659s] -- Installing: /home/deepak/arduinobot/install/arduinobot_msgs/include/arduinobot_msgs/arduinobot_msgs/srv/add_two_ints.h
[18.659s] -- Installing: /home/deepak/arduinobot/install/arduinobot_msgs/share/arduinobot_msgs/environment/library_path.sh
[18.659s] -- Installing: /home/deepak/arduinobot/install/arduinobot_msgs/share/arduinobot_msgs/environment/library_path.dsv
[18.659s] -- Installing: /home/deepak/arduinobot/install/arduinobot_msgs/lib/libarduinobot_msgs__rosidl_generator_c.so
[18.660s] -- Set runtime path of "/home/deepak/arduinobot/install/arduinobot_msgs/lib/libarduinobot_msgs__rosidl_generator_c.so" to ""
[18.660s] -- Up-to-date: /home/deepak/arduinobot/install/arduinobot_msgs/include/arduinobot_msgs/arduinobot_msgs
[18.661s] -- Up-to-date: /home/deepak/arduinobot/install/arduinobot_msgs/include/arduinobot_msgs/arduinobot_msgs/msg
[18.661s] -- Installing: /home/deepak/arduinobot/install/arduinobot_msgs/include/arduinobot_msgs/arduinobot_msgs/msg/rosidl_typesupport_fastrtps_c__visibility_control.h
[18.661s] -- Up-to-date: /home/deepak/arduinobot/install/arduinobot_msgs/include/arduinobot_msgs/arduinobot_msgs/action
[18.661s] -- Up-to-date: /home/deepak/arduinobot/install/arduinobot_msgs/include/arduinobot_msgs/arduinobot_msgs/action/detail
[18.661s] -- Installing: /home/deepak/arduinobot/install/arduinobot_msgs/include/arduinobot_msgs/arduinobot_msgs/action/detail/arduinobot_task__rosidl_typesupport_fastrtps_c.h
[18.661s] -- Installing: /home/deepak/arduinobot/install/arduinobot_msgs/include/arduinobot_msgs/arduinobot_msgs/action/detail/fibonacci__rosidl_typesupport_fastrtps_c.h
[18.662s] -- Up-to-date: /home/deepak/arduinobot/install/arduinobot_msgs/include/arduinobot_msgs/arduinobot_msgs/srv
[18.662s] -- Up-to-date: /home/deepak/arduinobot/install/arduinobot_msgs/include/arduinobot_msgs/arduinobot_msgs/srv/detail
[18.662s] -- Installing: /home/deepak/arduinobot/install/arduinobot_msgs/include/arduinobot_msgs/arduinobot_msgs/srv/detail/quaternion_to_euler__rosidl_typesupport_fastrtps_c.h
[18.662s] -- Installing: /home/deepak/arduinobot/install/arduinobot_msgs/include/arduinobot_msgs/arduinobot_msgs/srv/detail/add_two_ints__rosidl_typesupport_fastrtps_c.h
[18.662s] -- Installing: /home/deepak/arduinobot/install/arduinobot_msgs/include/arduinobot_msgs/arduinobot_msgs/srv/detail/euler_to_quaternion__rosidl_typesupport_fastrtps_c.h
[18.663s] -- Installing: /home/deepak/arduinobot/install/arduinobot_msgs/lib/libarduinobot_msgs__rosidl_typesupport_fastrtps_c.so
[18.663s] -- Set runtime path of "/home/deepak/arduinobot/install/arduinobot_msgs/lib/libarduinobot_msgs__rosidl_typesupport_fastrtps_c.so" to ""
[18.663s] -- Up-to-date: /home/deepak/arduinobot/install/arduinobot_msgs/include/arduinobot_msgs/arduinobot_msgs
[18.663s] -- Up-to-date: /home/deepak/arduinobot/install/arduinobot_msgs/include/arduinobot_msgs/arduinobot_msgs/msg
[18.664s] -- Installing: /home/deepak/arduinobot/install/arduinobot_msgs/include/arduinobot_msgs/arduinobot_msgs/msg/rosidl_generator_cpp__visibility_control.hpp
[18.664s] -- Up-to-date: /home/deepak/arduinobot/install/arduinobot_msgs/include/arduinobot_msgs/arduinobot_msgs/action
[18.664s] -- Installing: /home/deepak/arduinobot/install/arduinobot_msgs/include/arduinobot_msgs/arduinobot_msgs/action/arduinobot_task.hpp
[18.664s] -- Up-to-date: /home/deepak/arduinobot/install/arduinobot_msgs/include/arduinobot_msgs/arduinobot_msgs/action/detail
[18.664s] -- Installing: /home/deepak/arduinobot/install/arduinobot_msgs/include/arduinobot_msgs/arduinobot_msgs/action/detail/fibonacci__struct.hpp
[18.665s] -- Installing: /home/deepak/arduinobot/install/arduinobot_msgs/include/arduinobot_msgs/arduinobot_msgs/action/detail/fibonacci__builder.hpp
[18.666s] -- Installing: /home/deepak/arduinobot/install/arduinobot_msgs/include/arduinobot_msgs/arduinobot_msgs/action/detail/fibonacci__type_support.hpp
[18.666s] -- Installing: /home/deepak/arduinobot/install/arduinobot_msgs/include/arduinobot_msgs/arduinobot_msgs/action/detail/arduinobot_task__traits.hpp
[18.666s] -- Installing: /home/deepak/arduinobot/install/arduinobot_msgs/include/arduinobot_msgs/arduinobot_msgs/action/detail/arduinobot_task__type_support.hpp
[18.666s] -- Installing: /home/deepak/arduinobot/install/arduinobot_msgs/include/arduinobot_msgs/arduinobot_msgs/action/detail/fibonacci__traits.hpp
[18.667s] -- Installing: /home/deepak/arduinobot/install/arduinobot_msgs/include/arduinobot_msgs/arduinobot_msgs/action/detail/arduinobot_task__struct.hpp
[18.667s] -- Installing: /home/deepak/arduinobot/install/arduinobot_msgs/include/arduinobot_msgs/arduinobot_msgs/action/detail/arduinobot_task__builder.hpp
[18.667s] -- Installing: /home/deepak/arduinobot/install/arduinobot_msgs/include/arduinobot_msgs/arduinobot_msgs/action/fibonacci.hpp
[18.667s] -- Up-to-date: /home/deepak/arduinobot/install/arduinobot_msgs/include/arduinobot_msgs/arduinobot_msgs/srv
[18.667s] -- Installing: /home/deepak/arduinobot/install/arduinobot_msgs/include/arduinobot_msgs/arduinobot_msgs/srv/quaternion_to_euler.hpp
[18.668s] -- Installing: /home/deepak/arduinobot/install/arduinobot_msgs/include/arduinobot_msgs/arduinobot_msgs/srv/add_two_ints.hpp
[18.668s] -- Up-to-date: /home/deepak/arduinobot/install/arduinobot_msgs/include/arduinobot_msgs/arduinobot_msgs/srv/detail
[18.668s] -- Installing: /home/deepak/arduinobot/install/arduinobot_msgs/include/arduinobot_msgs/arduinobot_msgs/srv/detail/quaternion_to_euler__traits.hpp
[18.668s] -- Installing: /home/deepak/arduinobot/install/arduinobot_msgs/include/arduinobot_msgs/arduinobot_msgs/srv/detail/add_two_ints__traits.hpp
[18.668s] -- Installing: /home/deepak/arduinobot/install/arduinobot_msgs/include/arduinobot_msgs/arduinobot_msgs/srv/detail/euler_to_quaternion__type_support.hpp
[18.668s] -- Installing: /home/deepak/arduinobot/install/arduinobot_msgs/include/arduinobot_msgs/arduinobot_msgs/srv/detail/add_two_ints__type_support.hpp
[18.669s] -- Installing: /home/deepak/arduinobot/install/arduinobot_msgs/include/arduinobot_msgs/arduinobot_msgs/srv/detail/euler_to_quaternion__struct.hpp
[18.669s] -- Installing: /home/deepak/arduinobot/install/arduinobot_msgs/include/arduinobot_msgs/arduinobot_msgs/srv/detail/add_two_ints__builder.hpp
[18.669s] -- Installing: /home/deepak/arduinobot/install/arduinobot_msgs/include/arduinobot_msgs/arduinobot_msgs/srv/detail/quaternion_to_euler__struct.hpp
[18.669s] -- Installing: /home/deepak/arduinobot/install/arduinobot_msgs/include/arduinobot_msgs/arduinobot_msgs/srv/detail/euler_to_quaternion__builder.hpp
[18.669s] -- Installing: /home/deepak/arduinobot/install/arduinobot_msgs/include/arduinobot_msgs/arduinobot_msgs/srv/detail/add_two_ints__struct.hpp
[18.669s] -- Installing: /home/deepak/arduinobot/install/arduinobot_msgs/include/arduinobot_msgs/arduinobot_msgs/srv/detail/quaternion_to_euler__type_support.hpp
[18.670s] -- Installing: /home/deepak/arduinobot/install/arduinobot_msgs/include/arduinobot_msgs/arduinobot_msgs/srv/detail/quaternion_to_euler__builder.hpp
[18.670s] -- Installing: /home/deepak/arduinobot/install/arduinobot_msgs/include/arduinobot_msgs/arduinobot_msgs/srv/detail/euler_to_quaternion__traits.hpp
[18.670s] -- Installing: /home/deepak/arduinobot/install/arduinobot_msgs/include/arduinobot_msgs/arduinobot_msgs/srv/euler_to_quaternion.hpp
[18.670s] -- Up-to-date: /home/deepak/arduinobot/install/arduinobot_msgs/include/arduinobot_msgs/arduinobot_msgs
[18.670s] -- Up-to-date: /home/deepak/arduinobot/install/arduinobot_msgs/include/arduinobot_msgs/arduinobot_msgs/msg
[18.670s] -- Installing: /home/deepak/arduinobot/install/arduinobot_msgs/include/arduinobot_msgs/arduinobot_msgs/msg/rosidl_typesupport_fastrtps_cpp__visibility_control.h
[18.671s] -- Up-to-date: /home/deepak/arduinobot/install/arduinobot_msgs/include/arduinobot_msgs/arduinobot_msgs/action
[18.671s] -- Up-to-date: /home/deepak/arduinobot/install/arduinobot_msgs/include/arduinobot_msgs/arduinobot_msgs/action/detail
[18.671s] -- Installing: /home/deepak/arduinobot/install/arduinobot_msgs/include/arduinobot_msgs/arduinobot_msgs/action/detail/arduinobot_task__rosidl_typesupport_fastrtps_cpp.hpp
[18.671s] -- Installing: /home/deepak/arduinobot/install/arduinobot_msgs/include/arduinobot_msgs/arduinobot_msgs/action/detail/fibonacci__rosidl_typesupport_fastrtps_cpp.hpp
[18.671s] -- Installing: /home/deepak/arduinobot/install/arduinobot_msgs/include/arduinobot_msgs/arduinobot_msgs/action/detail/dds_fastrtps
[18.672s] -- Up-to-date: /home/deepak/arduinobot/install/arduinobot_msgs/include/arduinobot_msgs/arduinobot_msgs/srv
[18.672s] -- Up-to-date: /home/deepak/arduinobot/install/arduinobot_msgs/include/arduinobot_msgs/arduinobot_msgs/srv/detail
[18.672s] -- Installing: /home/deepak/arduinobot/install/arduinobot_msgs/include/arduinobot_msgs/arduinobot_msgs/srv/detail/dds_fastrtps
[18.672s] -- Installing: /home/deepak/arduinobot/install/arduinobot_msgs/include/arduinobot_msgs/arduinobot_msgs/srv/detail/add_two_ints__rosidl_typesupport_fastrtps_cpp.hpp
[18.672s] -- Installing: /home/deepak/arduinobot/install/arduinobot_msgs/include/arduinobot_msgs/arduinobot_msgs/srv/detail/quaternion_to_euler__rosidl_typesupport_fastrtps_cpp.hpp
[18.673s] -- Installing: /home/deepak/arduinobot/install/arduinobot_msgs/include/arduinobot_msgs/arduinobot_msgs/srv/detail/euler_to_quaternion__rosidl_typesupport_fastrtps_cpp.hpp
[18.673s] -- Installing: /home/deepak/arduinobot/install/arduinobot_msgs/lib/libarduinobot_msgs__rosidl_typesupport_fastrtps_cpp.so
[18.674s] -- Set runtime path of "/home/deepak/arduinobot/install/arduinobot_msgs/lib/libarduinobot_msgs__rosidl_typesupport_fastrtps_cpp.so" to ""
[18.675s] -- Up-to-date: /home/deepak/arduinobot/install/arduinobot_msgs/include/arduinobot_msgs/arduinobot_msgs
[18.675s] -- Up-to-date: /home/deepak/arduinobot/install/arduinobot_msgs/include/arduinobot_msgs/arduinobot_msgs/msg
[18.675s] -- Installing: /home/deepak/arduinobot/install/arduinobot_msgs/include/arduinobot_msgs/arduinobot_msgs/msg/rosidl_typesupport_introspection_c__visibility_control.h
[18.675s] -- Up-to-date: /home/deepak/arduinobot/install/arduinobot_msgs/include/arduinobot_msgs/arduinobot_msgs/action
[18.675s] -- Up-to-date: /home/deepak/arduinobot/install/arduinobot_msgs/include/arduinobot_msgs/arduinobot_msgs/action/detail
[18.676s] -- Installing: /home/deepak/arduinobot/install/arduinobot_msgs/include/arduinobot_msgs/arduinobot_msgs/action/detail/fibonacci__type_support.c
[18.676s] -- Installing: /home/deepak/arduinobot/install/arduinobot_msgs/include/arduinobot_msgs/arduinobot_msgs/action/detail/fibonacci__rosidl_typesupport_introspection_c.h
[18.676s] -- Installing: /home/deepak/arduinobot/install/arduinobot_msgs/include/arduinobot_msgs/arduinobot_msgs/action/detail/arduinobot_task__type_support.c
[18.676s] -- Installing: /home/deepak/arduinobot/install/arduinobot_msgs/include/arduinobot_msgs/arduinobot_msgs/action/detail/arduinobot_task__rosidl_typesupport_introspection_c.h
[18.677s] -- Up-to-date: /home/deepak/arduinobot/install/arduinobot_msgs/include/arduinobot_msgs/arduinobot_msgs/srv
[18.677s] -- Up-to-date: /home/deepak/arduinobot/install/arduinobot_msgs/include/arduinobot_msgs/arduinobot_msgs/srv/detail
[18.677s] -- Installing: /home/deepak/arduinobot/install/arduinobot_msgs/include/arduinobot_msgs/arduinobot_msgs/srv/detail/euler_to_quaternion__rosidl_typesupport_introspection_c.h
[18.678s] -- Installing: /home/deepak/arduinobot/install/arduinobot_msgs/include/arduinobot_msgs/arduinobot_msgs/srv/detail/euler_to_quaternion__type_support.c
[18.678s] -- Installing: /home/deepak/arduinobot/install/arduinobot_msgs/include/arduinobot_msgs/arduinobot_msgs/srv/detail/quaternion_to_euler__rosidl_typesupport_introspection_c.h
[18.678s] -- Installing: /home/deepak/arduinobot/install/arduinobot_msgs/include/arduinobot_msgs/arduinobot_msgs/srv/detail/quaternion_to_euler__type_support.c
[18.679s] -- Installing: /home/deepak/arduinobot/install/arduinobot_msgs/include/arduinobot_msgs/arduinobot_msgs/srv/detail/add_two_ints__type_support.c
[18.679s] -- Installing: /home/deepak/arduinobot/install/arduinobot_msgs/include/arduinobot_msgs/arduinobot_msgs/srv/detail/add_two_ints__rosidl_typesupport_introspection_c.h
[18.679s] -- Installing: /home/deepak/arduinobot/install/arduinobot_msgs/lib/libarduinobot_msgs__rosidl_typesupport_introspection_c.so
[18.680s] -- Set runtime path of "/home/deepak/arduinobot/install/arduinobot_msgs/lib/libarduinobot_msgs__rosidl_typesupport_introspection_c.so" to ""
[18.681s] -- Installing: /home/deepak/arduinobot/install/arduinobot_msgs/lib/libarduinobot_msgs__rosidl_typesupport_c.so
[18.682s] -- Set runtime path of "/home/deepak/arduinobot/install/arduinobot_msgs/lib/libarduinobot_msgs__rosidl_typesupport_c.so" to ""
[18.682s] -- Up-to-date: /home/deepak/arduinobot/install/arduinobot_msgs/include/arduinobot_msgs/arduinobot_msgs
[18.682s] -- Up-to-date: /home/deepak/arduinobot/install/arduinobot_msgs/include/arduinobot_msgs/arduinobot_msgs/action
[18.682s] -- Up-to-date: /home/deepak/arduinobot/install/arduinobot_msgs/include/arduinobot_msgs/arduinobot_msgs/action/detail
[18.682s] -- Installing: /home/deepak/arduinobot/install/arduinobot_msgs/include/arduinobot_msgs/arduinobot_msgs/action/detail/arduinobot_task__type_support.cpp
[18.683s] -- Installing: /home/deepak/arduinobot/install/arduinobot_msgs/include/arduinobot_msgs/arduinobot_msgs/action/detail/fibonacci__rosidl_typesupport_introspection_cpp.hpp
[18.683s] -- Installing: /home/deepak/arduinobot/install/arduinobot_msgs/include/arduinobot_msgs/arduinobot_msgs/action/detail/fibonacci__type_support.cpp
[18.683s] -- Installing: /home/deepak/arduinobot/install/arduinobot_msgs/include/arduinobot_msgs/arduinobot_msgs/action/detail/arduinobot_task__rosidl_typesupport_introspection_cpp.hpp
[18.684s] -- Up-to-date: /home/deepak/arduinobot/install/arduinobot_msgs/include/arduinobot_msgs/arduinobot_msgs/srv
[18.684s] -- Up-to-date: /home/deepak/arduinobot/install/arduinobot_msgs/include/arduinobot_msgs/arduinobot_msgs/srv/detail
[18.684s] -- Installing: /home/deepak/arduinobot/install/arduinobot_msgs/include/arduinobot_msgs/arduinobot_msgs/srv/detail/add_two_ints__rosidl_typesupport_introspection_cpp.hpp
[18.684s] -- Installing: /home/deepak/arduinobot/install/arduinobot_msgs/include/arduinobot_msgs/arduinobot_msgs/srv/detail/euler_to_quaternion__type_support.cpp
[18.684s] -- Installing: /home/deepak/arduinobot/install/arduinobot_msgs/include/arduinobot_msgs/arduinobot_msgs/srv/detail/quaternion_to_euler__type_support.cpp
[18.685s] -- Installing: /home/deepak/arduinobot/install/arduinobot_msgs/include/arduinobot_msgs/arduinobot_msgs/srv/detail/euler_to_quaternion__rosidl_typesupport_introspection_cpp.hpp
[18.685s] -- Installing: /home/deepak/arduinobot/install/arduinobot_msgs/include/arduinobot_msgs/arduinobot_msgs/srv/detail/add_two_ints__type_support.cpp
[18.685s] -- Installing: /home/deepak/arduinobot/install/arduinobot_msgs/include/arduinobot_msgs/arduinobot_msgs/srv/detail/quaternion_to_euler__rosidl_typesupport_introspection_cpp.hpp
[18.686s] -- Installing: /home/deepak/arduinobot/install/arduinobot_msgs/lib/libarduinobot_msgs__rosidl_typesupport_introspection_cpp.so
[18.686s] -- Set runtime path of "/home/deepak/arduinobot/install/arduinobot_msgs/lib/libarduinobot_msgs__rosidl_typesupport_introspection_cpp.so" to ""
[18.687s] -- Installing: /home/deepak/arduinobot/install/arduinobot_msgs/lib/libarduinobot_msgs__rosidl_typesupport_cpp.so
[18.687s] -- Set runtime path of "/home/deepak/arduinobot/install/arduinobot_msgs/lib/libarduinobot_msgs__rosidl_typesupport_cpp.so" to ""
[18.687s] -- Installing: /home/deepak/arduinobot/install/arduinobot_msgs/share/arduinobot_msgs/environment/pythonpath.sh
[18.688s] -- Installing: /home/deepak/arduinobot/install/arduinobot_msgs/share/arduinobot_msgs/environment/pythonpath.dsv
[18.688s] -- Installing: /home/deepak/arduinobot/install/arduinobot_msgs/local/lib/python3.10/dist-packages/arduinobot_msgs-0.0.0-py3.10.egg-info
[18.688s] -- Installing: /home/deepak/arduinobot/install/arduinobot_msgs/local/lib/python3.10/dist-packages/arduinobot_msgs-0.0.0-py3.10.egg-info/PKG-INFO
[18.688s] -- Installing: /home/deepak/arduinobot/install/arduinobot_msgs/local/lib/python3.10/dist-packages/arduinobot_msgs-0.0.0-py3.10.egg-info/dependency_links.txt
[18.689s] -- Installing: /home/deepak/arduinobot/install/arduinobot_msgs/local/lib/python3.10/dist-packages/arduinobot_msgs-0.0.0-py3.10.egg-info/SOURCES.txt
[18.689s] -- Installing: /home/deepak/arduinobot/install/arduinobot_msgs/local/lib/python3.10/dist-packages/arduinobot_msgs-0.0.0-py3.10.egg-info/top_level.txt
[18.689s] -- Installing: /home/deepak/arduinobot/install/arduinobot_msgs/local/lib/python3.10/dist-packages/arduinobot_msgs
[18.689s] -- Installing: /home/deepak/arduinobot/install/arduinobot_msgs/local/lib/python3.10/dist-packages/arduinobot_msgs/arduinobot_msgs_s__rosidl_typesupport_c.cpython-310-x86_64-linux-gnu.so
[18.690s] -- Installing: /home/deepak/arduinobot/install/arduinobot_msgs/local/lib/python3.10/dist-packages/arduinobot_msgs/libarduinobot_msgs__rosidl_generator_py.so
[18.690s] -- Installing: /home/deepak/arduinobot/install/arduinobot_msgs/local/lib/python3.10/dist-packages/arduinobot_msgs/arduinobot_msgs_s__rosidl_typesupport_introspection_c.cpython-310-x86_64-linux-gnu.so
[18.691s] -- Installing: /home/deepak/arduinobot/install/arduinobot_msgs/local/lib/python3.10/dist-packages/arduinobot_msgs/__init__.py
[18.691s] -- Installing: /home/deepak/arduinobot/install/arduinobot_msgs/local/lib/python3.10/dist-packages/arduinobot_msgs/action
[18.691s] -- Installing: /home/deepak/arduinobot/install/arduinobot_msgs/local/lib/python3.10/dist-packages/arduinobot_msgs/action/_fibonacci.py
[18.691s] -- Installing: /home/deepak/arduinobot/install/arduinobot_msgs/local/lib/python3.10/dist-packages/arduinobot_msgs/action/_arduinobot_task.py
[18.692s] -- Installing: /home/deepak/arduinobot/install/arduinobot_msgs/local/lib/python3.10/dist-packages/arduinobot_msgs/action/_fibonacci_s.c
[18.692s] -- Installing: /home/deepak/arduinobot/install/arduinobot_msgs/local/lib/python3.10/dist-packages/arduinobot_msgs/action/__init__.py
[18.692s] -- Installing: /home/deepak/arduinobot/install/arduinobot_msgs/local/lib/python3.10/dist-packages/arduinobot_msgs/action/_arduinobot_task_s.c
[18.692s] -- Installing: /home/deepak/arduinobot/install/arduinobot_msgs/local/lib/python3.10/dist-packages/arduinobot_msgs/_arduinobot_msgs_s.ep.rosidl_typesupport_c.c
[18.693s] -- Installing: /home/deepak/arduinobot/install/arduinobot_msgs/local/lib/python3.10/dist-packages/arduinobot_msgs/srv
[18.693s] -- Installing: /home/deepak/arduinobot/install/arduinobot_msgs/local/lib/python3.10/dist-packages/arduinobot_msgs/srv/__init__.py
[18.693s] -- Installing: /home/deepak/arduinobot/install/arduinobot_msgs/local/lib/python3.10/dist-packages/arduinobot_msgs/srv/_quaternion_to_euler.py
[18.694s] -- Installing: /home/deepak/arduinobot/install/arduinobot_msgs/local/lib/python3.10/dist-packages/arduinobot_msgs/srv/_add_two_ints_s.c
[18.694s] -- Installing: /home/deepak/arduinobot/install/arduinobot_msgs/local/lib/python3.10/dist-packages/arduinobot_msgs/srv/_quaternion_to_euler_s.c
[18.694s] -- Installing: /home/deepak/arduinobot/install/arduinobot_msgs/local/lib/python3.10/dist-packages/arduinobot_msgs/srv/_euler_to_quaternion_s.c
[18.694s] -- Installing: /home/deepak/arduinobot/install/arduinobot_msgs/local/lib/python3.10/dist-packages/arduinobot_msgs/srv/_add_two_ints.py
[18.695s] -- Installing: /home/deepak/arduinobot/install/arduinobot_msgs/local/lib/python3.10/dist-packages/arduinobot_msgs/srv/_euler_to_quaternion.py
[18.695s] -- Installing: /home/deepak/arduinobot/install/arduinobot_msgs/local/lib/python3.10/dist-packages/arduinobot_msgs/_arduinobot_msgs_s.ep.rosidl_typesupport_introspection_c.c
[18.695s] -- Installing: /home/deepak/arduinobot/install/arduinobot_msgs/local/lib/python3.10/dist-packages/arduinobot_msgs/_arduinobot_msgs_s.ep.rosidl_typesupport_fastrtps_c.c
[18.696s] -- Installing: /home/deepak/arduinobot/install/arduinobot_msgs/local/lib/python3.10/dist-packages/arduinobot_msgs/arduinobot_msgs_s__rosidl_typesupport_fastrtps_c.cpython-310-x86_64-linux-gnu.so
[18.796s] Listing '/home/deepak/arduinobot/install/arduinobot_msgs/local/lib/python3.10/dist-packages/arduinobot_msgs'...
[18.796s] Compiling '/home/deepak/arduinobot/install/arduinobot_msgs/local/lib/python3.10/dist-packages/arduinobot_msgs/__init__.py'...
[18.796s] Listing '/home/deepak/arduinobot/install/arduinobot_msgs/local/lib/python3.10/dist-packages/arduinobot_msgs/action'...
[18.796s] Compiling '/home/deepak/arduinobot/install/arduinobot_msgs/local/lib/python3.10/dist-packages/arduinobot_msgs/action/__init__.py'...
[18.796s] Compiling '/home/deepak/arduinobot/install/arduinobot_msgs/local/lib/python3.10/dist-packages/arduinobot_msgs/action/_arduinobot_task.py'...
[18.796s] Compiling '/home/deepak/arduinobot/install/arduinobot_msgs/local/lib/python3.10/dist-packages/arduinobot_msgs/action/_fibonacci.py'...
[18.796s] Listing '/home/deepak/arduinobot/install/arduinobot_msgs/local/lib/python3.10/dist-packages/arduinobot_msgs/srv'...
[18.796s] Compiling '/home/deepak/arduinobot/install/arduinobot_msgs/local/lib/python3.10/dist-packages/arduinobot_msgs/srv/__init__.py'...
[18.797s] Compiling '/home/deepak/arduinobot/install/arduinobot_msgs/local/lib/python3.10/dist-packages/arduinobot_msgs/srv/_add_two_ints.py'...
[18.797s] Compiling '/home/deepak/arduinobot/install/arduinobot_msgs/local/lib/python3.10/dist-packages/arduinobot_msgs/srv/_euler_to_quaternion.py'...
[18.797s] Compiling '/home/deepak/arduinobot/install/arduinobot_msgs/local/lib/python3.10/dist-packages/arduinobot_msgs/srv/_quaternion_to_euler.py'...
[18.807s] -- Installing: /home/deepak/arduinobot/install/arduinobot_msgs/local/lib/python3.10/dist-packages/arduinobot_msgs/arduinobot_msgs_s__rosidl_typesupport_fastrtps_c.cpython-310-x86_64-linux-gnu.so
[18.807s] -- Set runtime path of "/home/deepak/arduinobot/install/arduinobot_msgs/local/lib/python3.10/dist-packages/arduinobot_msgs/arduinobot_msgs_s__rosidl_typesupport_fastrtps_c.cpython-310-x86_64-linux-gnu.so" to ""
[18.808s] -- Installing: /home/deepak/arduinobot/install/arduinobot_msgs/local/lib/python3.10/dist-packages/arduinobot_msgs/arduinobot_msgs_s__rosidl_typesupport_introspection_c.cpython-310-x86_64-linux-gnu.so
[18.809s] -- Set runtime path of "/home/deepak/arduinobot/install/arduinobot_msgs/local/lib/python3.10/dist-packages/arduinobot_msgs/arduinobot_msgs_s__rosidl_typesupport_introspection_c.cpython-310-x86_64-linux-gnu.so" to ""
[18.809s] -- Installing: /home/deepak/arduinobot/install/arduinobot_msgs/local/lib/python3.10/dist-packages/arduinobot_msgs/arduinobot_msgs_s__rosidl_typesupport_c.cpython-310-x86_64-linux-gnu.so
[18.810s] -- Set runtime path of "/home/deepak/arduinobot/install/arduinobot_msgs/local/lib/python3.10/dist-packages/arduinobot_msgs/arduinobot_msgs_s__rosidl_typesupport_c.cpython-310-x86_64-linux-gnu.so" to ""
[18.810s] -- Installing: /home/deepak/arduinobot/install/arduinobot_msgs/lib/libarduinobot_msgs__rosidl_generator_py.so
[18.811s] -- Set runtime path of "/home/deepak/arduinobot/install/arduinobot_msgs/lib/libarduinobot_msgs__rosidl_generator_py.so" to ""
[18.811s] -- Installing: /home/deepak/arduinobot/install/arduinobot_msgs/share/arduinobot_msgs/srv/AddTwoInts.idl
[18.811s] -- Installing: /home/deepak/arduinobot/install/arduinobot_msgs/share/arduinobot_msgs/srv/EulerToQuaternion.idl
[18.811s] -- Installing: /home/deepak/arduinobot/install/arduinobot_msgs/share/arduinobot_msgs/srv/QuaternionToEuler.idl
[18.812s] -- Installing: /home/deepak/arduinobot/install/arduinobot_msgs/share/arduinobot_msgs/action/Fibonacci.idl
[18.812s] -- Installing: /home/deepak/arduinobot/install/arduinobot_msgs/share/arduinobot_msgs/action/ArduinobotTask.idl
[18.812s] -- Installing: /home/deepak/arduinobot/install/arduinobot_msgs/share/arduinobot_msgs/srv/AddTwoInts.srv
[18.812s] -- Installing: /home/deepak/arduinobot/install/arduinobot_msgs/share/arduinobot_msgs/srv/AddTwoInts_Request.msg
[18.813s] -- Installing: /home/deepak/arduinobot/install/arduinobot_msgs/share/arduinobot_msgs/srv/AddTwoInts_Response.msg
[18.813s] -- Installing: /home/deepak/arduinobot/install/arduinobot_msgs/share/arduinobot_msgs/srv/EulerToQuaternion.srv
[18.813s] -- Installing: /home/deepak/arduinobot/install/arduinobot_msgs/share/arduinobot_msgs/srv/EulerToQuaternion_Request.msg
[18.814s] -- Installing: /home/deepak/arduinobot/install/arduinobot_msgs/share/arduinobot_msgs/srv/EulerToQuaternion_Response.msg
[18.814s] -- Installing: /home/deepak/arduinobot/install/arduinobot_msgs/share/arduinobot_msgs/srv/QuaternionToEuler.srv
[18.814s] -- Installing: /home/deepak/arduinobot/install/arduinobot_msgs/share/arduinobot_msgs/srv/QuaternionToEuler_Request.msg
[18.815s] -- Installing: /home/deepak/arduinobot/install/arduinobot_msgs/share/arduinobot_msgs/srv/QuaternionToEuler_Response.msg
[18.815s] -- Installing: /home/deepak/arduinobot/install/arduinobot_msgs/share/arduinobot_msgs/action/Fibonacci.action
[18.816s] -- Installing: /home/deepak/arduinobot/install/arduinobot_msgs/share/arduinobot_msgs/action/ArduinobotTask.action
[18.817s] -- Installing: /home/deepak/arduinobot/install/arduinobot_msgs/share/ament_index/resource_index/package_run_dependencies/arduinobot_msgs
[18.817s] -- Installing: /home/deepak/arduinobot/install/arduinobot_msgs/share/ament_index/resource_index/parent_prefix_path/arduinobot_msgs
[18.818s] -- Installing: /home/deepak/arduinobot/install/arduinobot_msgs/share/arduinobot_msgs/environment/ament_prefix_path.sh
[18.818s] -- Installing: /home/deepak/arduinobot/install/arduinobot_msgs/share/arduinobot_msgs/environment/ament_prefix_path.dsv
[18.819s] -- Installing: /home/deepak/arduinobot/install/arduinobot_msgs/share/arduinobot_msgs/environment/path.sh
[18.820s] -- Installing: /home/deepak/arduinobot/install/arduinobot_msgs/share/arduinobot_msgs/environment/path.dsv
[18.820s] -- Installing: /home/deepak/arduinobot/install/arduinobot_msgs/share/arduinobot_msgs/local_setup.bash
[18.821s] -- Installing: /home/deepak/arduinobot/install/arduinobot_msgs/share/arduinobot_msgs/local_setup.sh
[18.822s] -- Installing: /home/deepak/arduinobot/install/arduinobot_msgs/share/arduinobot_msgs/local_setup.zsh
[18.822s] -- Installing: /home/deepak/arduinobot/install/arduinobot_msgs/share/arduinobot_msgs/local_setup.dsv
[18.823s] -- Installing: /home/deepak/arduinobot/install/arduinobot_msgs/share/arduinobot_msgs/package.dsv
[18.823s] -- Installing: /home/deepak/arduinobot/install/arduinobot_msgs/share/ament_index/resource_index/packages/arduinobot_msgs
[18.823s] -- Installing: /home/deepak/arduinobot/install/arduinobot_msgs/share/arduinobot_msgs/cmake/export_arduinobot_msgs__rosidl_generator_cExport.cmake
[18.823s] -- Installing: /home/deepak/arduinobot/install/arduinobot_msgs/share/arduinobot_msgs/cmake/export_arduinobot_msgs__rosidl_generator_cExport-noconfig.cmake
[18.823s] -- Installing: /home/deepak/arduinobot/install/arduinobot_msgs/share/arduinobot_msgs/cmake/export_arduinobot_msgs__rosidl_typesupport_fastrtps_cExport.cmake
[18.824s] -- Installing: /home/deepak/arduinobot/install/arduinobot_msgs/share/arduinobot_msgs/cmake/export_arduinobot_msgs__rosidl_typesupport_fastrtps_cExport-noconfig.cmake
[18.824s] -- Installing: /home/deepak/arduinobot/install/arduinobot_msgs/share/arduinobot_msgs/cmake/export_arduinobot_msgs__rosidl_generator_cppExport.cmake
[18.824s] -- Installing: /home/deepak/arduinobot/install/arduinobot_msgs/share/arduinobot_msgs/cmake/export_arduinobot_msgs__rosidl_typesupport_fastrtps_cppExport.cmake
[18.824s] -- Installing: /home/deepak/arduinobot/install/arduinobot_msgs/share/arduinobot_msgs/cmake/export_arduinobot_msgs__rosidl_typesupport_fastrtps_cppExport-noconfig.cmake
[18.824s] -- Installing: /home/deepak/arduinobot/install/arduinobot_msgs/share/arduinobot_msgs/cmake/arduinobot_msgs__rosidl_typesupport_introspection_cExport.cmake
[18.824s] -- Installing: /home/deepak/arduinobot/install/arduinobot_msgs/share/arduinobot_msgs/cmake/arduinobot_msgs__rosidl_typesupport_introspection_cExport-noconfig.cmake
[18.824s] -- Installing: /home/deepak/arduinobot/install/arduinobot_msgs/share/arduinobot_msgs/cmake/arduinobot_msgs__rosidl_typesupport_cExport.cmake
[18.825s] -- Installing: /home/deepak/arduinobot/install/arduinobot_msgs/share/arduinobot_msgs/cmake/arduinobot_msgs__rosidl_typesupport_cExport-noconfig.cmake
[18.825s] -- Installing: /home/deepak/arduinobot/install/arduinobot_msgs/share/arduinobot_msgs/cmake/arduinobot_msgs__rosidl_typesupport_introspection_cppExport.cmake
[18.825s] -- Installing: /home/deepak/arduinobot/install/arduinobot_msgs/share/arduinobot_msgs/cmake/arduinobot_msgs__rosidl_typesupport_introspection_cppExport-noconfig.cmake
[18.825s] -- Installing: /home/deepak/arduinobot/install/arduinobot_msgs/share/arduinobot_msgs/cmake/arduinobot_msgs__rosidl_typesupport_cppExport.cmake
[18.825s] -- Installing: /home/deepak/arduinobot/install/arduinobot_msgs/share/arduinobot_msgs/cmake/arduinobot_msgs__rosidl_typesupport_cppExport-noconfig.cmake
[18.826s] -- Installing: /home/deepak/arduinobot/install/arduinobot_msgs/share/arduinobot_msgs/cmake/export_arduinobot_msgs__rosidl_generator_pyExport.cmake
[18.826s] -- Installing: /home/deepak/arduinobot/install/arduinobot_msgs/share/arduinobot_msgs/cmake/export_arduinobot_msgs__rosidl_generator_pyExport-noconfig.cmake
[18.827s] -- Installing: /home/deepak/arduinobot/install/arduinobot_msgs/share/arduinobot_msgs/cmake/rosidl_cmake-extras.cmake
[18.827s] -- Installing: /home/deepak/arduinobot/install/arduinobot_msgs/share/arduinobot_msgs/cmake/ament_cmake_export_dependencies-extras.cmake
[18.827s] -- Installing: /home/deepak/arduinobot/install/arduinobot_msgs/share/arduinobot_msgs/cmake/ament_cmake_export_include_directories-extras.cmake
[18.827s] -- Installing: /home/deepak/arduinobot/install/arduinobot_msgs/share/arduinobot_msgs/cmake/ament_cmake_export_libraries-extras.cmake
[18.828s] -- Installing: /home/deepak/arduinobot/install/arduinobot_msgs/share/arduinobot_msgs/cmake/ament_cmake_export_targets-extras.cmake
[18.828s] -- Installing: /home/deepak/arduinobot/install/arduinobot_msgs/share/arduinobot_msgs/cmake/rosidl_cmake_export_typesupport_targets-extras.cmake
[18.828s] -- Installing: /home/deepak/arduinobot/install/arduinobot_msgs/share/arduinobot_msgs/cmake/rosidl_cmake_export_typesupport_libraries-extras.cmake
[18.828s] -- Installing: /home/deepak/arduinobot/install/arduinobot_msgs/share/arduinobot_msgs/cmake/arduinobot_msgsConfig.cmake
[18.829s] -- Installing: /home/deepak/arduinobot/install/arduinobot_msgs/share/arduinobot_msgs/cmake/arduinobot_msgsConfig-version.cmake
[18.829s] -- Installing: /home/deepak/arduinobot/install/arduinobot_msgs/share/arduinobot_msgs/package.xml
[18.833s] Invoked command in '/home/deepak/arduinobot/build/arduinobot_msgs' returned '0': CMAKE_PREFIX_PATH=${CMAKE_PREFIX_PATH}:/opt/ros/humble /usr/bin/cmake --install /home/deepak/arduinobot/build/arduinobot_msgs
