[0.028s] Invoking command in '/home/deepak/arduinobot/build/arduinobot_description': CMAKE_PREFIX_PATH=${CMAKE_PREFIX_PATH}:/opt/ros/humble /usr/bin/cmake /home/deepak/arduinobot/src/arduinobot/arduinobot_description -DCMAKE_INSTALL_PREFIX=/home/deepak/arduinobot/install/arduinobot_description
[0.178s] -- The C compiler identification is GNU 11.4.0
[0.331s] -- The CXX compiler identification is GNU 11.4.0
[0.346s] -- Detecting C compiler ABI info
[0.460s] -- Detecting C compiler ABI info - done
[0.471s] -- Check for working C compiler: /usr/bin/cc - skipped
[0.472s] -- Detecting C compile features
[0.473s] -- Detecting C compile features - done
[0.479s] -- Detecting CXX compiler ABI info
[0.605s] -- Detecting CXX compiler ABI info - done
[0.616s] -- Check for working CXX compiler: /usr/bin/c++ - skipped
[0.616s] -- Detecting CXX compile features
[0.617s] -- Detecting CXX compile features - done
[0.632s] -- Found ament_cmake: 1.3.12 (/opt/ros/humble/share/ament_cmake/cmake)
[0.875s] -- Found Python3: /usr/bin/python3 (found version "3.10.12") found components: Interpreter 
[1.100s] -- Found ament_lint_auto: 0.12.14 (/opt/ros/humble/share/ament_lint_auto/cmake)
[1.280s] -- Added test 'copyright' to check source files copyright and LICENSE
[1.286s] -- Added test 'flake8' to check Python code syntax and style conventions
[1.288s] -- Added test 'lint_cmake' to check CMake code style
[1.289s] -- Added test 'pep257' to check Python code against some of the docstring style conventions in PEP 257
[1.293s] -- Added test 'xmllint' to check XML markup files
[1.296s] -- Configuring done
[1.300s] -- Generating done
[1.302s] -- Build files have been written to: /home/deepak/arduinobot/build/arduinobot_description
[1.309s] Invoked command in '/home/deepak/arduinobot/build/arduinobot_description' returned '0': CMAKE_PREFIX_PATH=${CMAKE_PREFIX_PATH}:/opt/ros/humble /usr/bin/cmake /home/deepak/arduinobot/src/arduinobot/arduinobot_description -DCMAKE_INSTALL_PREFIX=/home/deepak/arduinobot/install/arduinobot_description
[1.313s] Invoking command in '/home/deepak/arduinobot/build/arduinobot_description': CMAKE_PREFIX_PATH=${CMAKE_PREFIX_PATH}:/opt/ros/humble /usr/bin/cmake --build /home/deepak/arduinobot/build/arduinobot_description -- -j8 -l8
[1.370s] Invoked command in '/home/deepak/arduinobot/build/arduinobot_description' returned '0': CMAKE_PREFIX_PATH=${CMAKE_PREFIX_PATH}:/opt/ros/humble /usr/bin/cmake --build /home/deepak/arduinobot/build/arduinobot_description -- -j8 -l8
[1.388s] Invoking command in '/home/deepak/arduinobot/build/arduinobot_description': CMAKE_PREFIX_PATH=${CMAKE_PREFIX_PATH}:/opt/ros/humble /usr/bin/cmake --install /home/deepak/arduinobot/build/arduinobot_description
[1.400s] -- Install configuration: ""
[1.400s] -- Installing: /home/deepak/arduinobot/install/arduinobot_description/share/arduinobot_description/launch
[1.401s] -- Installing: /home/deepak/arduinobot/install/arduinobot_description/share/arduinobot_description/launch/display.launch.py
[1.401s] -- Installing: /home/deepak/arduinobot/install/arduinobot_description/share/arduinobot_description/launch/gazebo.launch.py
[1.401s] -- Installing: /home/deepak/arduinobot/install/arduinobot_description/share/arduinobot_description/meshes
[1.401s] -- Installing: /home/deepak/arduinobot/install/arduinobot_description/share/arduinobot_description/meshes/servo_plate.STL
[1.402s] -- Installing: /home/deepak/arduinobot/install/arduinobot_description/share/arduinobot_description/meshes/pi_camera.STL
[1.402s] -- Installing: /home/deepak/arduinobot/install/arduinobot_description/share/arduinobot_description/meshes/right_finger.STL
[1.403s] -- Installing: /home/deepak/arduinobot/install/arduinobot_description/share/arduinobot_description/meshes/forward_drive_arm.STL
[1.407s] -- Installing: /home/deepak/arduinobot/install/arduinobot_description/share/arduinobot_description/meshes/plate.STL
[1.411s] -- Installing: /home/deepak/arduinobot/install/arduinobot_description/share/arduinobot_description/meshes/triangular_link.STL
[1.414s] -- Installing: /home/deepak/arduinobot/install/arduinobot_description/share/arduinobot_description/meshes/vertical_drive_arm.STL
[1.416s] -- Installing: /home/deepak/arduinobot/install/arduinobot_description/share/arduinobot_description/meshes/round_plate.STL
[1.416s] -- Installing: /home/deepak/arduinobot/install/arduinobot_description/share/arduinobot_description/meshes/base_plate.STL
[1.421s] -- Installing: /home/deepak/arduinobot/install/arduinobot_description/share/arduinobot_description/meshes/link.STL
[1.422s] -- Installing: /home/deepak/arduinobot/install/arduinobot_description/share/arduinobot_description/meshes/horizontal_arm.STL
[1.425s] -- Installing: /home/deepak/arduinobot/install/arduinobot_description/share/arduinobot_description/meshes/basement.STL
[1.427s] -- Installing: /home/deepak/arduinobot/install/arduinobot_description/share/arduinobot_description/meshes/left_finger.STL
[1.427s] -- Installing: /home/deepak/arduinobot/install/arduinobot_description/share/arduinobot_description/meshes/claw_support.STL
[1.428s] -- Installing: /home/deepak/arduinobot/install/arduinobot_description/share/arduinobot_description/urdf
[1.428s] -- Installing: /home/deepak/arduinobot/install/arduinobot_description/share/arduinobot_description/urdf/arduinobot_gazebo.xacro
[1.428s] -- Installing: /home/deepak/arduinobot/install/arduinobot_description/share/arduinobot_description/urdf/arduinobot.urdf.xacro
[1.429s] -- Installing: /home/deepak/arduinobot/install/arduinobot_description/share/arduinobot_description/urdf/arduinobot_ros2_control.xacro
[1.429s] -- Installing: /home/deepak/arduinobot/install/arduinobot_description/share/arduinobot_description/rviz
[1.429s] -- Installing: /home/deepak/arduinobot/install/arduinobot_description/share/arduinobot_description/rviz/display.rviz
[1.429s] -- Installing: /home/deepak/arduinobot/install/arduinobot_description/share/ament_index/resource_index/package_run_dependencies/arduinobot_description
[1.430s] -- Installing: /home/deepak/arduinobot/install/arduinobot_description/share/ament_index/resource_index/parent_prefix_path/arduinobot_description
[1.430s] -- Installing: /home/deepak/arduinobot/install/arduinobot_description/share/arduinobot_description/environment/ament_prefix_path.sh
[1.430s] -- Installing: /home/deepak/arduinobot/install/arduinobot_description/share/arduinobot_description/environment/ament_prefix_path.dsv
[1.430s] -- Installing: /home/deepak/arduinobot/install/arduinobot_description/share/arduinobot_description/environment/path.sh
[1.431s] -- Installing: /home/deepak/arduinobot/install/arduinobot_description/share/arduinobot_description/environment/path.dsv
[1.431s] -- Installing: /home/deepak/arduinobot/install/arduinobot_description/share/arduinobot_description/local_setup.bash
[1.431s] -- Installing: /home/deepak/arduinobot/install/arduinobot_description/share/arduinobot_description/local_setup.sh
[1.431s] -- Installing: /home/deepak/arduinobot/install/arduinobot_description/share/arduinobot_description/local_setup.zsh
[1.431s] -- Installing: /home/deepak/arduinobot/install/arduinobot_description/share/arduinobot_description/local_setup.dsv
[1.432s] -- Installing: /home/deepak/arduinobot/install/arduinobot_description/share/arduinobot_description/package.dsv
[1.432s] -- Installing: /home/deepak/arduinobot/install/arduinobot_description/share/ament_index/resource_index/packages/arduinobot_description
[1.432s] -- Installing: /home/deepak/arduinobot/install/arduinobot_description/share/arduinobot_description/cmake/arduinobot_descriptionConfig.cmake
[1.433s] -- Installing: /home/deepak/arduinobot/install/arduinobot_description/share/arduinobot_description/cmake/arduinobot_descriptionConfig-version.cmake
[1.433s] -- Installing: /home/deepak/arduinobot/install/arduinobot_description/share/arduinobot_description/package.xml
[1.436s] Invoked command in '/home/deepak/arduinobot/build/arduinobot_description' returned '0': CMAKE_PREFIX_PATH=${CMAKE_PREFIX_PATH}:/opt/ros/humble /usr/bin/cmake --install /home/deepak/arduinobot/build/arduinobot_description
