[0.025s] Invoking command in '/home/deepak/arduinobot/build/arduinobot_moveit': AMENT_PREFIX_PATH=/home/deepak/arduinobot/install/arduinobot_description:${AMENT_PREFIX_PATH} CMAKE_PREFIX_PATH=/home/deepak/arduinobot/install/arduinobot_description:/home/deepak/arduinorobot_ws/install/ign_ros2_control_demos:/home/deepak/arduinorobot_ws/install/arduinobot_bringup:/home/deepak/arduinorobot_ws/install/arduinobot_description:/home/deepak/arduinorobot_ws/install/ign_ros2_control:/home/deepak/arduinorobot_ws/install/gz_ros2_control_tests:/home/deepak/arduinorobot_ws/install/gz_ros2_control_demos:/home/deepak/arduinorobot_ws/install/gz_ros2_control:/home/deepak/arduinorobot_ws/install/arduinobot_utils:/home/deepak/arduinorobot_ws/install/arduinobot_remote:/home/deepak/arduinorobot_ws/install/arduinobot_msgs:/home/deepak/arduinorobot_ws/install/arduinobot_moveit:/home/deepak/arduinorobot_ws/install/arduinobot_firmware:/home/deepak/arduinorobot_ws/install/arduinobot_cpp_examples:/home/deepak/arduinorobot_ws/install/arduinobot_controller:/home/deepak/ros2_ws/install/my_robot_bringup:/home/deepak/ros2_ws/install/my_cpp_pkg:/home/deepak/ros2_ws/install/my_robot_interfaces:/opt/ros/humble /usr/bin/cmake /home/deepak/arduinobot/src/arduinobot/arduinobot_moveit -DCMAKE_INSTALL_PREFIX=/home/deepak/arduinobot/install/arduinobot_moveit
[0.129s] -- The C compiler identification is GNU 11.4.0
[0.239s] -- The CXX compiler identification is GNU 11.4.0
[0.255s] -- Detecting C compiler ABI info
[0.383s] -- Detecting C compiler ABI info - done
[0.397s] -- Check for working C compiler: /usr/bin/cc - skipped
[0.398s] -- Detecting C compile features
[0.399s] -- Detecting C compile features - done
[0.404s] -- Detecting CXX compiler ABI info
[0.545s] -- Detecting CXX compiler ABI info - done
[0.557s] -- Check for working CXX compiler: /usr/bin/c++ - skipped
[0.558s] -- Detecting CXX compile features
[0.558s] -- Detecting CXX compile features - done
[0.566s] -- Found ament_cmake: 1.3.12 (/opt/ros/humble/share/ament_cmake/cmake)
[0.908s] -- Found Python3: /usr/bin/python3 (found version "3.10.12") found components: Interpreter 
[1.134s] -- Found ament_lint_auto: 0.12.14 (/opt/ros/humble/share/ament_lint_auto/cmake)
[1.300s] -- Added test 'copyright' to check source files copyright and LICENSE
[1.303s] -- Added test 'flake8' to check Python code syntax and style conventions
[1.304s] -- Added test 'lint_cmake' to check CMake code style
[1.306s] -- Added test 'pep257' to check Python code against some of the docstring style conventions in PEP 257
[1.308s] -- Added test 'xmllint' to check XML markup files
[1.311s] -- Configuring done
[1.319s] -- Generating done
[1.319s] -- Build files have been written to: /home/deepak/arduinobot/build/arduinobot_moveit
[1.327s] Invoked command in '/home/deepak/arduinobot/build/arduinobot_moveit' returned '0': AMENT_PREFIX_PATH=/home/deepak/arduinobot/install/arduinobot_description:${AMENT_PREFIX_PATH} CMAKE_PREFIX_PATH=/home/deepak/arduinobot/install/arduinobot_description:/home/deepak/arduinorobot_ws/install/ign_ros2_control_demos:/home/deepak/arduinorobot_ws/install/arduinobot_bringup:/home/deepak/arduinorobot_ws/install/arduinobot_description:/home/deepak/arduinorobot_ws/install/ign_ros2_control:/home/deepak/arduinorobot_ws/install/gz_ros2_control_tests:/home/deepak/arduinorobot_ws/install/gz_ros2_control_demos:/home/deepak/arduinorobot_ws/install/gz_ros2_control:/home/deepak/arduinorobot_ws/install/arduinobot_utils:/home/deepak/arduinorobot_ws/install/arduinobot_remote:/home/deepak/arduinorobot_ws/install/arduinobot_msgs:/home/deepak/arduinorobot_ws/install/arduinobot_moveit:/home/deepak/arduinorobot_ws/install/arduinobot_firmware:/home/deepak/arduinorobot_ws/install/arduinobot_cpp_examples:/home/deepak/arduinorobot_ws/install/arduinobot_controller:/home/deepak/ros2_ws/install/my_robot_bringup:/home/deepak/ros2_ws/install/my_cpp_pkg:/home/deepak/ros2_ws/install/my_robot_interfaces:/opt/ros/humble /usr/bin/cmake /home/deepak/arduinobot/src/arduinobot/arduinobot_moveit -DCMAKE_INSTALL_PREFIX=/home/deepak/arduinobot/install/arduinobot_moveit
[1.330s] Invoking command in '/home/deepak/arduinobot/build/arduinobot_moveit': AMENT_PREFIX_PATH=/home/deepak/arduinobot/install/arduinobot_description:${AMENT_PREFIX_PATH} CMAKE_PREFIX_PATH=/home/deepak/arduinobot/install/arduinobot_description:/home/deepak/arduinorobot_ws/install/ign_ros2_control_demos:/home/deepak/arduinorobot_ws/install/arduinobot_bringup:/home/deepak/arduinorobot_ws/install/arduinobot_description:/home/deepak/arduinorobot_ws/install/ign_ros2_control:/home/deepak/arduinorobot_ws/install/gz_ros2_control_tests:/home/deepak/arduinorobot_ws/install/gz_ros2_control_demos:/home/deepak/arduinorobot_ws/install/gz_ros2_control:/home/deepak/arduinorobot_ws/install/arduinobot_utils:/home/deepak/arduinorobot_ws/install/arduinobot_remote:/home/deepak/arduinorobot_ws/install/arduinobot_msgs:/home/deepak/arduinorobot_ws/install/arduinobot_moveit:/home/deepak/arduinorobot_ws/install/arduinobot_firmware:/home/deepak/arduinorobot_ws/install/arduinobot_cpp_examples:/home/deepak/arduinorobot_ws/install/arduinobot_controller:/home/deepak/ros2_ws/install/my_robot_bringup:/home/deepak/ros2_ws/install/my_cpp_pkg:/home/deepak/ros2_ws/install/my_robot_interfaces:/opt/ros/humble /usr/bin/cmake --build /home/deepak/arduinobot/build/arduinobot_moveit -- -j8 -l8
[1.419s] Invoked command in '/home/deepak/arduinobot/build/arduinobot_moveit' returned '0': AMENT_PREFIX_PATH=/home/deepak/arduinobot/install/arduinobot_description:${AMENT_PREFIX_PATH} CMAKE_PREFIX_PATH=/home/deepak/arduinobot/install/arduinobot_description:/home/deepak/arduinorobot_ws/install/ign_ros2_control_demos:/home/deepak/arduinorobot_ws/install/arduinobot_bringup:/home/deepak/arduinorobot_ws/install/arduinobot_description:/home/deepak/arduinorobot_ws/install/ign_ros2_control:/home/deepak/arduinorobot_ws/install/gz_ros2_control_tests:/home/deepak/arduinorobot_ws/install/gz_ros2_control_demos:/home/deepak/arduinorobot_ws/install/gz_ros2_control:/home/deepak/arduinorobot_ws/install/arduinobot_utils:/home/deepak/arduinorobot_ws/install/arduinobot_remote:/home/deepak/arduinorobot_ws/install/arduinobot_msgs:/home/deepak/arduinorobot_ws/install/arduinobot_moveit:/home/deepak/arduinorobot_ws/install/arduinobot_firmware:/home/deepak/arduinorobot_ws/install/arduinobot_cpp_examples:/home/deepak/arduinorobot_ws/install/arduinobot_controller:/home/deepak/ros2_ws/install/my_robot_bringup:/home/deepak/ros2_ws/install/my_cpp_pkg:/home/deepak/ros2_ws/install/my_robot_interfaces:/opt/ros/humble /usr/bin/cmake --build /home/deepak/arduinobot/build/arduinobot_moveit -- -j8 -l8
[1.421s] Invoking command in '/home/deepak/arduinobot/build/arduinobot_moveit': AMENT_PREFIX_PATH=/home/deepak/arduinobot/install/arduinobot_description:${AMENT_PREFIX_PATH} CMAKE_PREFIX_PATH=/home/deepak/arduinobot/install/arduinobot_description:/home/deepak/arduinorobot_ws/install/ign_ros2_control_demos:/home/deepak/arduinorobot_ws/install/arduinobot_bringup:/home/deepak/arduinorobot_ws/install/arduinobot_description:/home/deepak/arduinorobot_ws/install/ign_ros2_control:/home/deepak/arduinorobot_ws/install/gz_ros2_control_tests:/home/deepak/arduinorobot_ws/install/gz_ros2_control_demos:/home/deepak/arduinorobot_ws/install/gz_ros2_control:/home/deepak/arduinorobot_ws/install/arduinobot_utils:/home/deepak/arduinorobot_ws/install/arduinobot_remote:/home/deepak/arduinorobot_ws/install/arduinobot_msgs:/home/deepak/arduinorobot_ws/install/arduinobot_moveit:/home/deepak/arduinorobot_ws/install/arduinobot_firmware:/home/deepak/arduinorobot_ws/install/arduinobot_cpp_examples:/home/deepak/arduinorobot_ws/install/arduinobot_controller:/home/deepak/ros2_ws/install/my_robot_bringup:/home/deepak/ros2_ws/install/my_cpp_pkg:/home/deepak/ros2_ws/install/my_robot_interfaces:/opt/ros/humble /usr/bin/cmake --install /home/deepak/arduinobot/build/arduinobot_moveit
[1.432s] -- Install configuration: ""
[1.432s] -- Installing: /home/deepak/arduinobot/install/arduinobot_moveit/share/arduinobot_moveit/launch
[1.432s] -- Installing: /home/deepak/arduinobot/install/arduinobot_moveit/share/arduinobot_moveit/launch/moveit.launch.py
[1.432s] -- Installing: /home/deepak/arduinobot/install/arduinobot_moveit/share/arduinobot_moveit/config
[1.432s] -- Installing: /home/deepak/arduinobot/install/arduinobot_moveit/share/arduinobot_moveit/config/initial_positions.yaml
[1.433s] -- Installing: /home/deepak/arduinobot/install/arduinobot_moveit/share/arduinobot_moveit/config/joint_limits.yaml
[1.434s] -- Installing: /home/deepak/arduinobot/install/arduinobot_moveit/share/arduinobot_moveit/config/moveit_controllers.yaml
[1.435s] -- Installing: /home/deepak/arduinobot/install/arduinobot_moveit/share/arduinobot_moveit/config/planning_python_api.yaml
[1.435s] -- Installing: /home/deepak/arduinobot/install/arduinobot_moveit/share/arduinobot_moveit/config/kinematics.yaml
[1.437s] -- Installing: /home/deepak/arduinobot/install/arduinobot_moveit/share/arduinobot_moveit/config/moveit.rviz
[1.438s] -- Installing: /home/deepak/arduinobot/install/arduinobot_moveit/share/arduinobot_moveit/config/arduinobot.srdf
[1.439s] -- Installing: /home/deepak/arduinobot/install/arduinobot_moveit/share/arduinobot_moveit/config/pilz_cartesian_limits.yaml
[1.439s] -- Installing: /home/deepak/arduinobot/install/arduinobot_moveit/share/ament_index/resource_index/package_run_dependencies/arduinobot_moveit
[1.439s] -- Installing: /home/deepak/arduinobot/install/arduinobot_moveit/share/ament_index/resource_index/parent_prefix_path/arduinobot_moveit
[1.439s] -- Installing: /home/deepak/arduinobot/install/arduinobot_moveit/share/arduinobot_moveit/environment/ament_prefix_path.sh
[1.439s] -- Installing: /home/deepak/arduinobot/install/arduinobot_moveit/share/arduinobot_moveit/environment/ament_prefix_path.dsv
[1.440s] -- Installing: /home/deepak/arduinobot/install/arduinobot_moveit/share/arduinobot_moveit/environment/path.sh
[1.440s] -- Installing: /home/deepak/arduinobot/install/arduinobot_moveit/share/arduinobot_moveit/environment/path.dsv
[1.440s] -- Installing: /home/deepak/arduinobot/install/arduinobot_moveit/share/arduinobot_moveit/local_setup.bash
[1.440s] -- Installing: /home/deepak/arduinobot/install/arduinobot_moveit/share/arduinobot_moveit/local_setup.sh
[1.440s] -- Installing: /home/deepak/arduinobot/install/arduinobot_moveit/share/arduinobot_moveit/local_setup.zsh
[1.440s] -- Installing: /home/deepak/arduinobot/install/arduinobot_moveit/share/arduinobot_moveit/local_setup.dsv
[1.440s] -- Installing: /home/deepak/arduinobot/install/arduinobot_moveit/share/arduinobot_moveit/package.dsv
[1.440s] -- Installing: /home/deepak/arduinobot/install/arduinobot_moveit/share/ament_index/resource_index/packages/arduinobot_moveit
[1.440s] -- Installing: /home/deepak/arduinobot/install/arduinobot_moveit/share/arduinobot_moveit/cmake/arduinobot_moveitConfig.cmake
[1.440s] -- Installing: /home/deepak/arduinobot/install/arduinobot_moveit/share/arduinobot_moveit/cmake/arduinobot_moveitConfig-version.cmake
[1.441s] -- Installing: /home/deepak/arduinobot/install/arduinobot_moveit/share/arduinobot_moveit/package.xml
[1.444s] Invoked command in '/home/deepak/arduinobot/build/arduinobot_moveit' returned '0': AMENT_PREFIX_PATH=/home/deepak/arduinobot/install/arduinobot_description:${AMENT_PREFIX_PATH} CMAKE_PREFIX_PATH=/home/deepak/arduinobot/install/arduinobot_description:/home/deepak/arduinorobot_ws/install/ign_ros2_control_demos:/home/deepak/arduinorobot_ws/install/arduinobot_bringup:/home/deepak/arduinorobot_ws/install/arduinobot_description:/home/deepak/arduinorobot_ws/install/ign_ros2_control:/home/deepak/arduinorobot_ws/install/gz_ros2_control_tests:/home/deepak/arduinorobot_ws/install/gz_ros2_control_demos:/home/deepak/arduinorobot_ws/install/gz_ros2_control:/home/deepak/arduinorobot_ws/install/arduinobot_utils:/home/deepak/arduinorobot_ws/install/arduinobot_remote:/home/deepak/arduinorobot_ws/install/arduinobot_msgs:/home/deepak/arduinorobot_ws/install/arduinobot_moveit:/home/deepak/arduinorobot_ws/install/arduinobot_firmware:/home/deepak/arduinorobot_ws/install/arduinobot_cpp_examples:/home/deepak/arduinorobot_ws/install/arduinobot_controller:/home/deepak/ros2_ws/install/my_robot_bringup:/home/deepak/ros2_ws/install/my_cpp_pkg:/home/deepak/ros2_ws/install/my_robot_interfaces:/opt/ros/humble /usr/bin/cmake --install /home/deepak/arduinobot/build/arduinobot_moveit
